<?xml version="1.0" encoding="UTF-8"?>
<!-- Generated by org.testng.reporters.JUnitXMLReporter -->
<testsuite hostname="DESKTOP-QAK2P13" failures="3" tests="36" name="End to End Test on firefox" time="481.599" errors="0" timestamp="16 Jul 2021 14:03:26 GMT">
  <testcase classname="com.fetchr.testcases.TrackingPageTest" name="trackingTitleTest" time="0.007"/>
  <testcase classname="com.fetchr.testcases.TrackingPageTest" name="trackingUrlCheck" time="0.006"/>
  <testcase classname="com.fetchr.testcases.TrackingPageTest" name="trackingLogoCheck" time="0.329"/>
  <testcase classname="com.fetchr.testcases.TrackingPageTest" name="switchLanguageToArabic" time="11.405">
    <failure type="org.openqa.selenium.NoSuchElementException" message="Unable to locate element: //img [@src = &amp;apos;https://s3-eu-west-1.amazonaws.com/staticprod.fetchr.us/mweb_master/image/logo-ar-fetchr.png&amp;apos;]
For documentation on this error, please visit: http://seleniumhq.org/exceptions/no_such_element.html
Build info: version: &amp;apos;3.13.0&amp;apos;, revision: &amp;apos;2f0d292&amp;apos;, time: &amp;apos;2018-06-25T15:24:21.231Z&amp;apos;
System info: host: &amp;apos;DESKTOP-QAK2P13&amp;apos;, ip: &amp;apos;192.168.1.82&amp;apos;, os.name: &amp;apos;Windows 10&amp;apos;, os.arch: &amp;apos;amd64&amp;apos;, os.version: &amp;apos;10.0&amp;apos;, java.version: &amp;apos;13.0.1&amp;apos;
Driver info: org.openqa.selenium.firefox.FirefoxDriver
Capabilities {acceptInsecureCerts: true, browserName: firefox, browserVersion: 89.0.2, javascriptEnabled: true, moz:accessibilityChecks: false, moz:buildID: 20210622155641, moz:geckodriverVersion: 0.29.0, moz:headless: false, moz:processID: 19252, moz:profile: C:\Users\QA\AppData\Local\T..., moz:shutdownTimeout: 60000, moz:useNonSpecCompliantPointerOrigin: false, moz:webdriverClick: true, pageLoadStrategy: normal, platform: WINDOWS, platformName: WINDOWS, platformVersion: 10.0, setWindowRect: true, strictFileInteractability: false, timeouts: {implicit: 0, pageLoad: 300000, script: 30000}, unhandledPromptBehavior: dismiss and notify}
Session ID: f762268a-a512-402a-aede-5d13f93f0131
*** Element info: {Using=xpath, value=//img [@src = &amp;apos;https://s3-eu-west-1.amazonaws.com/staticprod.fetchr.us/mweb_master/image/logo-ar-fetchr.png&amp;apos;]}">
      <![CDATA[org.openqa.selenium.NoSuchElementException: Unable to locate element: //img [@src = 'https://s3-eu-west-1.amazonaws.com/staticprod.fetchr.us/mweb_master/image/logo-ar-fetchr.png']
For documentation on this error, please visit: http://seleniumhq.org/exceptions/no_such_element.html
Build info: version: '3.13.0', revision: '2f0d292', time: '2018-06-25T15:24:21.231Z'
System info: host: 'DESKTOP-QAK2P13', ip: '192.168.1.82', os.name: 'Windows 10', os.arch: 'amd64', os.version: '10.0', java.version: '13.0.1'
Driver info: org.openqa.selenium.firefox.FirefoxDriver
Capabilities {acceptInsecureCerts: true, browserName: firefox, browserVersion: 89.0.2, javascriptEnabled: true, moz:accessibilityChecks: false, moz:buildID: 20210622155641, moz:geckodriverVersion: 0.29.0, moz:headless: false, moz:processID: 19252, moz:profile: C:\Users\QA\AppData\Local\T..., moz:shutdownTimeout: 60000, moz:useNonSpecCompliantPointerOrigin: false, moz:webdriverClick: true, pageLoadStrategy: normal, platform: WINDOWS, platformName: WINDOWS, platformVersion: 10.0, setWindowRect: true, strictFileInteractability: false, timeouts: {implicit: 0, pageLoad: 300000, script: 30000}, unhandledPromptBehavior: dismiss and notify}
Session ID: f762268a-a512-402a-aede-5d13f93f0131
*** Element info: {Using=xpath, value=//img [@src = 'https://s3-eu-west-1.amazonaws.com/staticprod.fetchr.us/mweb_master/image/logo-ar-fetchr.png']}
	at org.openqa.selenium.remote.http.W3CHttpResponseCodec.createException(W3CHttpResponseCodec.java:187)
	at org.openqa.selenium.remote.http.W3CHttpResponseCodec.decode(W3CHttpResponseCodec.java:122)
	at org.openqa.selenium.remote.http.W3CHttpResponseCodec.decode(W3CHttpResponseCodec.java:49)
	at org.openqa.selenium.remote.HttpCommandExecutor.execute(HttpCommandExecutor.java:158)
	at org.openqa.selenium.remote.service.DriverCommandExecutor.execute(DriverCommandExecutor.java:83)
	at org.openqa.selenium.remote.RemoteWebDriver.execute(RemoteWebDriver.java:548)
	at org.openqa.selenium.remote.RemoteWebDriver.findElement(RemoteWebDriver.java:322)
	at org.openqa.selenium.remote.RemoteWebDriver.findElementByXPath(RemoteWebDriver.java:424)
	at org.openqa.selenium.By$ByXPath.findElement(By.java:353)
	at org.openqa.selenium.remote.RemoteWebDriver.findElement(RemoteWebDriver.java:314)
	at org.openqa.selenium.support.events.EventFiringWebDriver.lambda$new$1(EventFiringWebDriver.java:105)
	at com.sun.proxy.$Proxy21.findElement(Unknown Source)
	at org.openqa.selenium.support.events.EventFiringWebDriver.findElement(EventFiringWebDriver.java:194)
	at org.openqa.selenium.support.pagefactory.DefaultElementLocator.findElement(DefaultElementLocator.java:69)
	at org.openqa.selenium.support.pagefactory.internal.LocatingElementHandler.invoke(LocatingElementHandler.java:38)
	at com.sun.proxy.$Proxy18.isDisplayed(Unknown Source)
	at com.fetchr.pages.TrackingPage.changeLanguageToArabic(TrackingPage.java:93)
	at com.fetchr.testcases.TrackingPageTest.switchLanguageToArabic(TrackingPageTest.java:100)
... Removed 32 stack frames]]>
    </failure>
  </testcase> <!-- switchLanguageToArabic -->
  <testcase classname="com.fetchr.testcases.TrackingPageTest" name="checkTheStatusOfOrderByTrackingNum" time="0.34"/>
  <testcase classname="com.fetchr.testcases.TrackingPageTest" name="checkTheStatusOfOrderByTrackingNum" time="0.361"/>
  <testcase classname="com.fetchr.testcases.TrackingPageTest" name="clickOnCoronaSafetyMessage" time="1.881"/>
  <testcase classname="com.fetchr.testcases.TrackingPageTest" name="navigateToDeliveryMapsScreen" time="0.9"/>
  <testcase classname="com.fetchr.testcases.TrackingPageTest" name="checkOrderHistory" time="1.292"/>
  <testcase classname="com.fetchr.testcases.TrackingPageTest" name="checkOrderHistory" time="0.7"/>
  <testcase classname="com.fetchr.testcases.TrackingPageTest" name="searchingForInvalidOrderNumbers" time="0.391"/>
  <testcase classname="com.fetchr.testcases.TrackingPageTest" name="searchingForInvalidOrderNumbers" time="0.565"/>
  <testcase classname="com.fetchr.testcases.TrackingPageTest" name="enteringInvalidInputInOrderNumbers" time="0.905"/>
  <testcase classname="com.fetchr.testcases.TrackingPageTest" name="enteringInvalidInputInOrderNumbers" time="0.446"/>
  <testcase classname="com.fetchr.testcases.TrackingPageTest" name="enteringInvalidInputInOrderNumbers" time="0.487"/>
  <testcase classname="com.fetchr.testcases.TrackingPageTest" name="enteringInvalidInputInOrderNumbers" time="0.407"/>
  <testcase classname="com.fetchr.testcases.TrackingPageTest" name="enteringInvalidInputInOrderNumbers" time="0.429"/>
  <testcase classname="com.fetchr.testcases.TrackingPageTest" name="searchForEmptyOrderTrackingNumbers" time="0.511"/>
  <testcase classname="com.fetchr.testcases.TrackingPageTest" name="NavigatetoRescheduleOrderScreem" time="1.463"/>
  <testcase classname="com.fetchr.testcases.TrackingPageTest" name="NavigatetoRescheduleOrderScreem" time="1.675"/>
  <testcase classname="com.fetchr.testcases.TrackingPageTest" name="clickOnPrivacyPolicy" time="0.664"/>
  <testcase classname="com.fetchr.testcases.TrackingPageTest" name="clickOnTermsAndConditions" time="0.573"/>
  <testcase classname="com.fetchr.testcases.TermsAndConditionsPageTest" name="termsTitleTest" time="0.004"/>
  <testcase classname="com.fetchr.testcases.TermsAndConditionsPageTest" name="termsUrlCheck" time="0.003"/>
  <testcase classname="com.fetchr.testcases.TermsAndConditionsPageTest" name="termsLogoCheck" time="0.045"/>
  <testcase classname="com.fetchr.testcases.TermsAndConditionsPageTest" name="termsSwitchLanguageToArabic" time="10.504">
    <failure type="org.openqa.selenium.NoSuchElementException" message="Unable to locate element: //img[@src = &amp;apos;https://s3-eu-west-1.amazonaws.com/staticprod.fetchr.us/mweb_master/image/icn_language_english.pnghttps://s3-eu-west-1.amazonaws.com/staticprod.fetchr.us/mweb_master/image/icn_language_english.png&amp;apos;]
For documentation on this error, please visit: http://seleniumhq.org/exceptions/no_such_element.html
Build info: version: &amp;apos;3.13.0&amp;apos;, revision: &amp;apos;2f0d292&amp;apos;, time: &amp;apos;2018-06-25T15:24:21.231Z&amp;apos;
System info: host: &amp;apos;DESKTOP-QAK2P13&amp;apos;, ip: &amp;apos;192.168.1.82&amp;apos;, os.name: &amp;apos;Windows 10&amp;apos;, os.arch: &amp;apos;amd64&amp;apos;, os.version: &amp;apos;10.0&amp;apos;, java.version: &amp;apos;13.0.1&amp;apos;
Driver info: org.openqa.selenium.firefox.FirefoxDriver
Capabilities {acceptInsecureCerts: true, browserName: firefox, browserVersion: 89.0.2, javascriptEnabled: true, moz:accessibilityChecks: false, moz:buildID: 20210622155641, moz:geckodriverVersion: 0.29.0, moz:headless: false, moz:processID: 15916, moz:profile: C:\Users\QA\AppData\Local\T..., moz:shutdownTimeout: 60000, moz:useNonSpecCompliantPointerOrigin: false, moz:webdriverClick: true, pageLoadStrategy: normal, platform: WINDOWS, platformName: WINDOWS, platformVersion: 10.0, setWindowRect: true, strictFileInteractability: false, timeouts: {implicit: 0, pageLoad: 300000, script: 30000}, unhandledPromptBehavior: dismiss and notify}
Session ID: b58e2b1d-9580-4562-8ed5-3a7340199f20
*** Element info: {Using=xpath, value=//img[@src = &amp;apos;https://s3-eu-west-1.amazonaws.com/staticprod.fetchr.us/mweb_master/image/icn_language_english.pnghttps://s3-eu-west-1.amazonaws.com/staticprod.fetchr.us/mweb_master/image/icn_language_english.png&amp;apos;]}">
      <![CDATA[org.openqa.selenium.NoSuchElementException: Unable to locate element: //img[@src = 'https://s3-eu-west-1.amazonaws.com/staticprod.fetchr.us/mweb_master/image/icn_language_english.pnghttps://s3-eu-west-1.amazonaws.com/staticprod.fetchr.us/mweb_master/image/icn_language_english.png']
For documentation on this error, please visit: http://seleniumhq.org/exceptions/no_such_element.html
Build info: version: '3.13.0', revision: '2f0d292', time: '2018-06-25T15:24:21.231Z'
System info: host: 'DESKTOP-QAK2P13', ip: '192.168.1.82', os.name: 'Windows 10', os.arch: 'amd64', os.version: '10.0', java.version: '13.0.1'
Driver info: org.openqa.selenium.firefox.FirefoxDriver
Capabilities {acceptInsecureCerts: true, browserName: firefox, browserVersion: 89.0.2, javascriptEnabled: true, moz:accessibilityChecks: false, moz:buildID: 20210622155641, moz:geckodriverVersion: 0.29.0, moz:headless: false, moz:processID: 15916, moz:profile: C:\Users\QA\AppData\Local\T..., moz:shutdownTimeout: 60000, moz:useNonSpecCompliantPointerOrigin: false, moz:webdriverClick: true, pageLoadStrategy: normal, platform: WINDOWS, platformName: WINDOWS, platformVersion: 10.0, setWindowRect: true, strictFileInteractability: false, timeouts: {implicit: 0, pageLoad: 300000, script: 30000}, unhandledPromptBehavior: dismiss and notify}
Session ID: b58e2b1d-9580-4562-8ed5-3a7340199f20
*** Element info: {Using=xpath, value=//img[@src = 'https://s3-eu-west-1.amazonaws.com/staticprod.fetchr.us/mweb_master/image/icn_language_english.pnghttps://s3-eu-west-1.amazonaws.com/staticprod.fetchr.us/mweb_master/image/icn_language_english.png']}
	at org.openqa.selenium.remote.http.W3CHttpResponseCodec.createException(W3CHttpResponseCodec.java:187)
	at org.openqa.selenium.remote.http.W3CHttpResponseCodec.decode(W3CHttpResponseCodec.java:122)
	at org.openqa.selenium.remote.http.W3CHttpResponseCodec.decode(W3CHttpResponseCodec.java:49)
	at org.openqa.selenium.remote.HttpCommandExecutor.execute(HttpCommandExecutor.java:158)
	at org.openqa.selenium.remote.service.DriverCommandExecutor.execute(DriverCommandExecutor.java:83)
	at org.openqa.selenium.remote.RemoteWebDriver.execute(RemoteWebDriver.java:548)
	at org.openqa.selenium.remote.RemoteWebDriver.findElement(RemoteWebDriver.java:322)
	at org.openqa.selenium.remote.RemoteWebDriver.findElementByXPath(RemoteWebDriver.java:424)
	at org.openqa.selenium.By$ByXPath.findElement(By.java:353)
	at org.openqa.selenium.remote.RemoteWebDriver.findElement(RemoteWebDriver.java:314)
	at org.openqa.selenium.support.events.EventFiringWebDriver.lambda$new$1(EventFiringWebDriver.java:105)
	at com.sun.proxy.$Proxy21.findElement(Unknown Source)
	at org.openqa.selenium.support.events.EventFiringWebDriver.findElement(EventFiringWebDriver.java:194)
	at org.openqa.selenium.support.pagefactory.DefaultElementLocator.findElement(DefaultElementLocator.java:69)
	at org.openqa.selenium.support.pagefactory.internal.LocatingElementHandler.invoke(LocatingElementHandler.java:38)
	at com.sun.proxy.$Proxy18.isDisplayed(Unknown Source)
	at com.fetchr.pages.TermsAndConditionsPage.checkchangeLanguageToArabic(TermsAndConditionsPage.java:50)
	at com.fetchr.testcases.TermsAndConditionsPageTest.termsSwitchLanguageToArabic(TermsAndConditionsPageTest.java:93)
... Removed 32 stack frames]]>
    </failure>
  </testcase> <!-- termsSwitchLanguageToArabic -->
  <testcase classname="com.fetchr.testcases.PrivacyPolicyPageTest" name="privacyTitleTest" time="0.01"/>
  <testcase classname="com.fetchr.testcases.PrivacyPolicyPageTest" name="privacyUrlCheck" time="0.011"/>
  <testcase classname="com.fetchr.testcases.PrivacyPolicyPageTest" name="privacyLogoCheck" time="0.034"/>
  <testcase classname="com.fetchr.testcases.PrivacyPolicyPageTest" name="privacySwitchLanguageToArabic" time="0.018">
    <failure type="org.openqa.selenium.InvalidSelectorException" message="Given xpath expression &amp;quot;https://s3-eu-west-1.amazonaws.com/staticprod.fetchr.us/mweb_master/image/lang_ar.svg&amp;quot; is invalid: SyntaxError: The expression is not a legal expression.
For documentation on this error, please visit: http://seleniumhq.org/exceptions/invalid_selector_exception.html
Build info: version: &amp;apos;3.13.0&amp;apos;, revision: &amp;apos;2f0d292&amp;apos;, time: &amp;apos;2018-06-25T15:24:21.231Z&amp;apos;
System info: host: &amp;apos;DESKTOP-QAK2P13&amp;apos;, ip: &amp;apos;192.168.1.82&amp;apos;, os.name: &amp;apos;Windows 10&amp;apos;, os.arch: &amp;apos;amd64&amp;apos;, os.version: &amp;apos;10.0&amp;apos;, java.version: &amp;apos;13.0.1&amp;apos;
Driver info: org.openqa.selenium.firefox.FirefoxDriver
Capabilities {acceptInsecureCerts: true, browserName: firefox, browserVersion: 89.0.2, javascriptEnabled: true, moz:accessibilityChecks: false, moz:buildID: 20210622155641, moz:geckodriverVersion: 0.29.0, moz:headless: false, moz:processID: 10516, moz:profile: C:\Users\QA\AppData\Local\T..., moz:shutdownTimeout: 60000, moz:useNonSpecCompliantPointerOrigin: false, moz:webdriverClick: true, pageLoadStrategy: normal, platform: WINDOWS, platformName: WINDOWS, platformVersion: 10.0, setWindowRect: true, strictFileInteractability: false, timeouts: {implicit: 0, pageLoad: 300000, script: 30000}, unhandledPromptBehavior: dismiss and notify}
Session ID: 193fbfe6-b777-4ff5-8b3f-b52c0fcc4e41
*** Element info: {Using=xpath, value=https://s3-eu-west-1.amazonaws.com/staticprod.fetchr.us/mweb_master/image/lang_ar.svg}">
      <![CDATA[org.openqa.selenium.InvalidSelectorException: Given xpath expression "https://s3-eu-west-1.amazonaws.com/staticprod.fetchr.us/mweb_master/image/lang_ar.svg" is invalid: SyntaxError: The expression is not a legal expression.
For documentation on this error, please visit: http://seleniumhq.org/exceptions/invalid_selector_exception.html
Build info: version: '3.13.0', revision: '2f0d292', time: '2018-06-25T15:24:21.231Z'
System info: host: 'DESKTOP-QAK2P13', ip: '192.168.1.82', os.name: 'Windows 10', os.arch: 'amd64', os.version: '10.0', java.version: '13.0.1'
Driver info: org.openqa.selenium.firefox.FirefoxDriver
Capabilities {acceptInsecureCerts: true, browserName: firefox, browserVersion: 89.0.2, javascriptEnabled: true, moz:accessibilityChecks: false, moz:buildID: 20210622155641, moz:geckodriverVersion: 0.29.0, moz:headless: false, moz:processID: 10516, moz:profile: C:\Users\QA\AppData\Local\T..., moz:shutdownTimeout: 60000, moz:useNonSpecCompliantPointerOrigin: false, moz:webdriverClick: true, pageLoadStrategy: normal, platform: WINDOWS, platformName: WINDOWS, platformVersion: 10.0, setWindowRect: true, strictFileInteractability: false, timeouts: {implicit: 0, pageLoad: 300000, script: 30000}, unhandledPromptBehavior: dismiss and notify}
Session ID: 193fbfe6-b777-4ff5-8b3f-b52c0fcc4e41
*** Element info: {Using=xpath, value=https://s3-eu-west-1.amazonaws.com/staticprod.fetchr.us/mweb_master/image/lang_ar.svg}
	at org.openqa.selenium.remote.http.W3CHttpResponseCodec.createException(W3CHttpResponseCodec.java:187)
	at org.openqa.selenium.remote.http.W3CHttpResponseCodec.decode(W3CHttpResponseCodec.java:122)
	at org.openqa.selenium.remote.http.W3CHttpResponseCodec.decode(W3CHttpResponseCodec.java:49)
	at org.openqa.selenium.remote.HttpCommandExecutor.execute(HttpCommandExecutor.java:158)
	at org.openqa.selenium.remote.service.DriverCommandExecutor.execute(DriverCommandExecutor.java:83)
	at org.openqa.selenium.remote.RemoteWebDriver.execute(RemoteWebDriver.java:548)
	at org.openqa.selenium.remote.RemoteWebDriver.findElement(RemoteWebDriver.java:322)
	at org.openqa.selenium.remote.RemoteWebDriver.findElementByXPath(RemoteWebDriver.java:424)
	at org.openqa.selenium.By$ByXPath.findElement(By.java:353)
	at org.openqa.selenium.remote.RemoteWebDriver.findElement(RemoteWebDriver.java:314)
	at org.openqa.selenium.support.events.EventFiringWebDriver.lambda$new$1(EventFiringWebDriver.java:105)
	at com.sun.proxy.$Proxy21.findElement(Unknown Source)
	at org.openqa.selenium.support.events.EventFiringWebDriver.findElement(EventFiringWebDriver.java:194)
	at org.openqa.selenium.support.pagefactory.DefaultElementLocator.findElement(DefaultElementLocator.java:69)
	at org.openqa.selenium.support.pagefactory.internal.LocatingElementHandler.invoke(LocatingElementHandler.java:38)
	at com.sun.proxy.$Proxy18.click(Unknown Source)
	at com.fetchr.pages.PrivacyPolicyPage.checkchangeLanguageToArabic(PrivacyPolicyPage.java:49)
	at com.fetchr.testcases.PrivacyPolicyPageTest.privacySwitchLanguageToArabic(PrivacyPolicyPageTest.java:88)
... Removed 32 stack frames]]>
    </failure>
  </testcase> <!-- privacySwitchLanguageToArabic -->
  <testcase classname="com.fetchr.testcases.CoronaSafetyPageTest" name="SafetyTitleTest" time="9.587"/>
  <testcase classname="com.fetchr.testcases.CoronaSafetyPageTest" name="SafetyUrlCheck" time="2.058"/>
  <testcase classname="com.fetchr.testcases.CoronaSafetyPageTest" name="SafetyLogoCheck" time="2.24"/>
  <testcase classname="com.fetchr.testcases.CoronaSafetyPageTest" name="SafetyswitchLanguageToArabic" time="11.149"/>
  <testcase classname="com.fetchr.testcases.CoronaSafetyPageTest" name="checkSafetyFacebookIcon" time="7.172"/>
  <testcase classname="com.fetchr.testcases.CoronaSafetyPageTest" name="checkSafetyTwitterIcon" time="2.565"/>
</testsuite> <!-- End to End Test on firefox -->
