<?xml version="1.0" encoding="UTF-8"?>
<!-- Generated by org.testng.reporters.JUnitXMLReporter -->
<testsuite hostname="DESKTOP-QAK2P13" failures="3" tests="36" name="End to End Test on chrome" time="310.507" errors="0" timestamp="16 Jul 2021 13:55:24 GMT">
  <testcase classname="com.fetchr.testcases.TrackingPageTest" name="trackingTitleTest" time="0.021"/>
  <testcase classname="com.fetchr.testcases.TrackingPageTest" name="trackingUrlCheck" time="0.016"/>
  <testcase classname="com.fetchr.testcases.TrackingPageTest" name="trackingLogoCheck" time="0.152"/>
  <testcase classname="com.fetchr.testcases.TrackingPageTest" name="switchLanguageToArabic" time="10.231">
    <failure type="org.openqa.selenium.NoSuchElementException" message="no such element: Unable to locate element: {&amp;quot;method&amp;quot;:&amp;quot;xpath&amp;quot;,&amp;quot;selector&amp;quot;:&amp;quot;//img [@src = &amp;apos;https://s3-eu-west-1.amazonaws.com/staticprod.fetchr.us/mweb_master/image/logo-ar-fetchr.png&amp;apos;]&amp;quot;}
  (Session info: chrome=91.0.4472.124)
For documentation on this error, please visit: http://seleniumhq.org/exceptions/no_such_element.html
Build info: version: &amp;apos;3.13.0&amp;apos;, revision: &amp;apos;2f0d292&amp;apos;, time: &amp;apos;2018-06-25T15:24:21.231Z&amp;apos;
System info: host: &amp;apos;DESKTOP-QAK2P13&amp;apos;, ip: &amp;apos;192.168.1.82&amp;apos;, os.name: &amp;apos;Windows 10&amp;apos;, os.arch: &amp;apos;amd64&amp;apos;, os.version: &amp;apos;10.0&amp;apos;, java.version: &amp;apos;13.0.1&amp;apos;
Driver info: org.openqa.selenium.chrome.ChromeDriver
Capabilities {acceptInsecureCerts: false, browserName: chrome, browserVersion: 91.0.4472.124, chrome: {chromedriverVersion: 91.0.4472.101 (af52a90bf870..., userDataDir: C:\Users\QA\AppData\Local\T...}, goog:chromeOptions: {debuggerAddress: localhost:54327}, javascriptEnabled: true, networkConnectionEnabled: false, pageLoadStrategy: normal, platform: WINDOWS, platformName: WINDOWS, proxy: Proxy(), setWindowRect: true, strictFileInteractability: false, timeouts: {implicit: 0, pageLoad: 300000, script: 30000}, unhandledPromptBehavior: dismiss and notify, webauthn:extension:largeBlob: true, webauthn:virtualAuthenticators: true}
Session ID: e69c9597185445a2dfdd35ffab43fe2c
*** Element info: {Using=xpath, value=//img [@src = &amp;apos;https://s3-eu-west-1.amazonaws.com/staticprod.fetchr.us/mweb_master/image/logo-ar-fetchr.png&amp;apos;]}">
      <![CDATA[org.openqa.selenium.NoSuchElementException: no such element: Unable to locate element: {"method":"xpath","selector":"//img [@src = 'https://s3-eu-west-1.amazonaws.com/staticprod.fetchr.us/mweb_master/image/logo-ar-fetchr.png']"}
  (Session info: chrome=91.0.4472.124)
For documentation on this error, please visit: http://seleniumhq.org/exceptions/no_such_element.html
Build info: version: '3.13.0', revision: '2f0d292', time: '2018-06-25T15:24:21.231Z'
System info: host: 'DESKTOP-QAK2P13', ip: '192.168.1.82', os.name: 'Windows 10', os.arch: 'amd64', os.version: '10.0', java.version: '13.0.1'
Driver info: org.openqa.selenium.chrome.ChromeDriver
Capabilities {acceptInsecureCerts: false, browserName: chrome, browserVersion: 91.0.4472.124, chrome: {chromedriverVersion: 91.0.4472.101 (af52a90bf870..., userDataDir: C:\Users\QA\AppData\Local\T...}, goog:chromeOptions: {debuggerAddress: localhost:54327}, javascriptEnabled: true, networkConnectionEnabled: false, pageLoadStrategy: normal, platform: WINDOWS, platformName: WINDOWS, proxy: Proxy(), setWindowRect: true, strictFileInteractability: false, timeouts: {implicit: 0, pageLoad: 300000, script: 30000}, unhandledPromptBehavior: dismiss and notify, webauthn:extension:largeBlob: true, webauthn:virtualAuthenticators: true}
Session ID: e69c9597185445a2dfdd35ffab43fe2c
*** Element info: {Using=xpath, value=//img [@src = 'https://s3-eu-west-1.amazonaws.com/staticprod.fetchr.us/mweb_master/image/logo-ar-fetchr.png']}
	at org.openqa.selenium.remote.http.W3CHttpResponseCodec.createException(W3CHttpResponseCodec.java:187)
	at org.openqa.selenium.remote.http.W3CHttpResponseCodec.decode(W3CHttpResponseCodec.java:122)
	at org.openqa.selenium.remote.http.W3CHttpResponseCodec.decode(W3CHttpResponseCodec.java:49)
	at org.openqa.selenium.remote.HttpCommandExecutor.execute(HttpCommandExecutor.java:158)
	at org.openqa.selenium.remote.service.DriverCommandExecutor.execute(DriverCommandExecutor.java:83)
	at org.openqa.selenium.remote.RemoteWebDriver.execute(RemoteWebDriver.java:548)
	at org.openqa.selenium.remote.RemoteWebDriver.findElement(RemoteWebDriver.java:322)
	at org.openqa.selenium.remote.RemoteWebDriver.findElementByXPath(RemoteWebDriver.java:424)
	at org.openqa.selenium.By$ByXPath.findElement(By.java:353)
	at org.openqa.selenium.remote.RemoteWebDriver.findElement(RemoteWebDriver.java:314)
	at org.openqa.selenium.support.events.EventFiringWebDriver.lambda$new$1(EventFiringWebDriver.java:105)
	at com.sun.proxy.$Proxy14.findElement(Unknown Source)
	at org.openqa.selenium.support.events.EventFiringWebDriver.findElement(EventFiringWebDriver.java:194)
	at org.openqa.selenium.support.pagefactory.DefaultElementLocator.findElement(DefaultElementLocator.java:69)
	at org.openqa.selenium.support.pagefactory.internal.LocatingElementHandler.invoke(LocatingElementHandler.java:38)
	at com.sun.proxy.$Proxy18.isDisplayed(Unknown Source)
	at com.fetchr.pages.TrackingPage.changeLanguageToArabic(TrackingPage.java:93)
	at com.fetchr.testcases.TrackingPageTest.switchLanguageToArabic(TrackingPageTest.java:100)
... Removed 33 stack frames]]>
    </failure>
  </testcase> <!-- switchLanguageToArabic -->
  <testcase classname="com.fetchr.testcases.TrackingPageTest" name="checkTheStatusOfOrderByTrackingNum" time="0.335"/>
  <testcase classname="com.fetchr.testcases.TrackingPageTest" name="checkTheStatusOfOrderByTrackingNum" time="0.458"/>
  <testcase classname="com.fetchr.testcases.TrackingPageTest" name="clickOnCoronaSafetyMessage" time="4.424"/>
  <testcase classname="com.fetchr.testcases.TrackingPageTest" name="navigateToDeliveryMapsScreen" time="1.384"/>
  <testcase classname="com.fetchr.testcases.TrackingPageTest" name="checkOrderHistory" time="0.726"/>
  <testcase classname="com.fetchr.testcases.TrackingPageTest" name="checkOrderHistory" time="0.657"/>
  <testcase classname="com.fetchr.testcases.TrackingPageTest" name="searchingForInvalidOrderNumbers" time="0.346"/>
  <testcase classname="com.fetchr.testcases.TrackingPageTest" name="searchingForInvalidOrderNumbers" time="0.385"/>
  <testcase classname="com.fetchr.testcases.TrackingPageTest" name="enteringInvalidInputInOrderNumbers" time="0.212"/>
  <testcase classname="com.fetchr.testcases.TrackingPageTest" name="enteringInvalidInputInOrderNumbers" time="0.182"/>
  <testcase classname="com.fetchr.testcases.TrackingPageTest" name="enteringInvalidInputInOrderNumbers" time="0.2"/>
  <testcase classname="com.fetchr.testcases.TrackingPageTest" name="enteringInvalidInputInOrderNumbers" time="0.173"/>
  <testcase classname="com.fetchr.testcases.TrackingPageTest" name="enteringInvalidInputInOrderNumbers" time="0.2"/>
  <testcase classname="com.fetchr.testcases.TrackingPageTest" name="searchForEmptyOrderTrackingNumbers" time="0.154"/>
  <testcase classname="com.fetchr.testcases.TrackingPageTest" name="NavigatetoRescheduleOrderScreem" time="1.552"/>
  <testcase classname="com.fetchr.testcases.TrackingPageTest" name="NavigatetoRescheduleOrderScreem" time="1.929"/>
  <testcase classname="com.fetchr.testcases.TrackingPageTest" name="clickOnPrivacyPolicy" time="0.537"/>
  <testcase classname="com.fetchr.testcases.TrackingPageTest" name="clickOnTermsAndConditions" time="0.513"/>
  <testcase classname="com.fetchr.testcases.TermsAndConditionsPageTest" name="termsTitleTest" time="0.006"/>
  <testcase classname="com.fetchr.testcases.TermsAndConditionsPageTest" name="termsUrlCheck" time="0.005"/>
  <testcase classname="com.fetchr.testcases.TermsAndConditionsPageTest" name="termsLogoCheck" time="0.036"/>
  <testcase classname="com.fetchr.testcases.TermsAndConditionsPageTest" name="termsSwitchLanguageToArabic" time="10.361">
    <failure type="org.openqa.selenium.NoSuchElementException" message="no such element: Unable to locate element: {&amp;quot;method&amp;quot;:&amp;quot;xpath&amp;quot;,&amp;quot;selector&amp;quot;:&amp;quot;//img[@src = &amp;apos;https://s3-eu-west-1.amazonaws.com/staticprod.fetchr.us/mweb_master/image/icn_language_english.pnghttps://s3-eu-west-1.amazonaws.com/staticprod.fetchr.us/mweb_master/image/icn_language_english.png&amp;apos;]&amp;quot;}
  (Session info: chrome=91.0.4472.124)
For documentation on this error, please visit: http://seleniumhq.org/exceptions/no_such_element.html
Build info: version: &amp;apos;3.13.0&amp;apos;, revision: &amp;apos;2f0d292&amp;apos;, time: &amp;apos;2018-06-25T15:24:21.231Z&amp;apos;
System info: host: &amp;apos;DESKTOP-QAK2P13&amp;apos;, ip: &amp;apos;192.168.1.82&amp;apos;, os.name: &amp;apos;Windows 10&amp;apos;, os.arch: &amp;apos;amd64&amp;apos;, os.version: &amp;apos;10.0&amp;apos;, java.version: &amp;apos;13.0.1&amp;apos;
Driver info: org.openqa.selenium.chrome.ChromeDriver
Capabilities {acceptInsecureCerts: false, browserName: chrome, browserVersion: 91.0.4472.124, chrome: {chromedriverVersion: 91.0.4472.101 (af52a90bf870..., userDataDir: C:\Users\QA\AppData\Local\T...}, goog:chromeOptions: {debuggerAddress: localhost:64464}, javascriptEnabled: true, networkConnectionEnabled: false, pageLoadStrategy: normal, platform: WINDOWS, platformName: WINDOWS, proxy: Proxy(), setWindowRect: true, strictFileInteractability: false, timeouts: {implicit: 0, pageLoad: 300000, script: 30000}, unhandledPromptBehavior: dismiss and notify, webauthn:extension:largeBlob: true, webauthn:virtualAuthenticators: true}
Session ID: e071a23e4eab3a1ac9008ea5a099710d
*** Element info: {Using=xpath, value=//img[@src = &amp;apos;https://s3-eu-west-1.amazonaws.com/staticprod.fetchr.us/mweb_master/image/icn_language_english.pnghttps://s3-eu-west-1.amazonaws.com/staticprod.fetchr.us/mweb_master/image/icn_language_english.png&amp;apos;]}">
      <![CDATA[org.openqa.selenium.NoSuchElementException: no such element: Unable to locate element: {"method":"xpath","selector":"//img[@src = 'https://s3-eu-west-1.amazonaws.com/staticprod.fetchr.us/mweb_master/image/icn_language_english.pnghttps://s3-eu-west-1.amazonaws.com/staticprod.fetchr.us/mweb_master/image/icn_language_english.png']"}
  (Session info: chrome=91.0.4472.124)
For documentation on this error, please visit: http://seleniumhq.org/exceptions/no_such_element.html
Build info: version: '3.13.0', revision: '2f0d292', time: '2018-06-25T15:24:21.231Z'
System info: host: 'DESKTOP-QAK2P13', ip: '192.168.1.82', os.name: 'Windows 10', os.arch: 'amd64', os.version: '10.0', java.version: '13.0.1'
Driver info: org.openqa.selenium.chrome.ChromeDriver
Capabilities {acceptInsecureCerts: false, browserName: chrome, browserVersion: 91.0.4472.124, chrome: {chromedriverVersion: 91.0.4472.101 (af52a90bf870..., userDataDir: C:\Users\QA\AppData\Local\T...}, goog:chromeOptions: {debuggerAddress: localhost:64464}, javascriptEnabled: true, networkConnectionEnabled: false, pageLoadStrategy: normal, platform: WINDOWS, platformName: WINDOWS, proxy: Proxy(), setWindowRect: true, strictFileInteractability: false, timeouts: {implicit: 0, pageLoad: 300000, script: 30000}, unhandledPromptBehavior: dismiss and notify, webauthn:extension:largeBlob: true, webauthn:virtualAuthenticators: true}
Session ID: e071a23e4eab3a1ac9008ea5a099710d
*** Element info: {Using=xpath, value=//img[@src = 'https://s3-eu-west-1.amazonaws.com/staticprod.fetchr.us/mweb_master/image/icn_language_english.pnghttps://s3-eu-west-1.amazonaws.com/staticprod.fetchr.us/mweb_master/image/icn_language_english.png']}
	at org.openqa.selenium.remote.http.W3CHttpResponseCodec.createException(W3CHttpResponseCodec.java:187)
	at org.openqa.selenium.remote.http.W3CHttpResponseCodec.decode(W3CHttpResponseCodec.java:122)
	at org.openqa.selenium.remote.http.W3CHttpResponseCodec.decode(W3CHttpResponseCodec.java:49)
	at org.openqa.selenium.remote.HttpCommandExecutor.execute(HttpCommandExecutor.java:158)
	at org.openqa.selenium.remote.service.DriverCommandExecutor.execute(DriverCommandExecutor.java:83)
	at org.openqa.selenium.remote.RemoteWebDriver.execute(RemoteWebDriver.java:548)
	at org.openqa.selenium.remote.RemoteWebDriver.findElement(RemoteWebDriver.java:322)
	at org.openqa.selenium.remote.RemoteWebDriver.findElementByXPath(RemoteWebDriver.java:424)
	at org.openqa.selenium.By$ByXPath.findElement(By.java:353)
	at org.openqa.selenium.remote.RemoteWebDriver.findElement(RemoteWebDriver.java:314)
	at org.openqa.selenium.support.events.EventFiringWebDriver.lambda$new$1(EventFiringWebDriver.java:105)
	at com.sun.proxy.$Proxy14.findElement(Unknown Source)
	at org.openqa.selenium.support.events.EventFiringWebDriver.findElement(EventFiringWebDriver.java:194)
	at org.openqa.selenium.support.pagefactory.DefaultElementLocator.findElement(DefaultElementLocator.java:69)
	at org.openqa.selenium.support.pagefactory.internal.LocatingElementHandler.invoke(LocatingElementHandler.java:38)
	at com.sun.proxy.$Proxy18.isDisplayed(Unknown Source)
	at com.fetchr.pages.TermsAndConditionsPage.checkchangeLanguageToArabic(TermsAndConditionsPage.java:50)
	at com.fetchr.testcases.TermsAndConditionsPageTest.termsSwitchLanguageToArabic(TermsAndConditionsPageTest.java:93)
... Removed 32 stack frames]]>
    </failure>
  </testcase> <!-- termsSwitchLanguageToArabic -->
  <testcase classname="com.fetchr.testcases.PrivacyPolicyPageTest" name="privacyTitleTest" time="0.004"/>
  <testcase classname="com.fetchr.testcases.PrivacyPolicyPageTest" name="privacyUrlCheck" time="0.005"/>
  <testcase classname="com.fetchr.testcases.PrivacyPolicyPageTest" name="privacyLogoCheck" time="0.045"/>
  <testcase classname="com.fetchr.testcases.PrivacyPolicyPageTest" name="privacySwitchLanguageToArabic" time="0.023">
    <failure type="org.openqa.selenium.InvalidSelectorException" message="invalid selector: Unable to locate an element with the xpath expression https://s3-eu-west-1.amazonaws.com/staticprod.fetchr.us/mweb_master/image/lang_ar.svg because of the following error:
SyntaxError: Failed to execute &amp;apos;evaluate&amp;apos; on &amp;apos;Document&amp;apos;: The string &amp;apos;https://s3-eu-west-1.amazonaws.com/staticprod.fetchr.us/mweb_master/image/lang_ar.svg&amp;apos; is not a valid XPath expression.
  (Session info: chrome=91.0.4472.124)
For documentation on this error, please visit: http://seleniumhq.org/exceptions/invalid_selector_exception.html
Build info: version: &amp;apos;3.13.0&amp;apos;, revision: &amp;apos;2f0d292&amp;apos;, time: &amp;apos;2018-06-25T15:24:21.231Z&amp;apos;
System info: host: &amp;apos;DESKTOP-QAK2P13&amp;apos;, ip: &amp;apos;192.168.1.82&amp;apos;, os.name: &amp;apos;Windows 10&amp;apos;, os.arch: &amp;apos;amd64&amp;apos;, os.version: &amp;apos;10.0&amp;apos;, java.version: &amp;apos;13.0.1&amp;apos;
Driver info: org.openqa.selenium.chrome.ChromeDriver
Capabilities {acceptInsecureCerts: false, browserName: chrome, browserVersion: 91.0.4472.124, chrome: {chromedriverVersion: 91.0.4472.101 (af52a90bf870..., userDataDir: C:\Users\QA\AppData\Local\T...}, goog:chromeOptions: {debuggerAddress: localhost:65403}, javascriptEnabled: true, networkConnectionEnabled: false, pageLoadStrategy: normal, platform: WINDOWS, platformName: WINDOWS, proxy: Proxy(), setWindowRect: true, strictFileInteractability: false, timeouts: {implicit: 0, pageLoad: 300000, script: 30000}, unhandledPromptBehavior: dismiss and notify, webauthn:extension:largeBlob: true, webauthn:virtualAuthenticators: true}
Session ID: 2409206d59c003f576fc39c805706741
*** Element info: {Using=xpath, value=https://s3-eu-west-1.amazonaws.com/staticprod.fetchr.us/mweb_master/image/lang_ar.svg}">
      <![CDATA[org.openqa.selenium.InvalidSelectorException: invalid selector: Unable to locate an element with the xpath expression https://s3-eu-west-1.amazonaws.com/staticprod.fetchr.us/mweb_master/image/lang_ar.svg because of the following error:
SyntaxError: Failed to execute 'evaluate' on 'Document': The string 'https://s3-eu-west-1.amazonaws.com/staticprod.fetchr.us/mweb_master/image/lang_ar.svg' is not a valid XPath expression.
  (Session info: chrome=91.0.4472.124)
For documentation on this error, please visit: http://seleniumhq.org/exceptions/invalid_selector_exception.html
Build info: version: '3.13.0', revision: '2f0d292', time: '2018-06-25T15:24:21.231Z'
System info: host: 'DESKTOP-QAK2P13', ip: '192.168.1.82', os.name: 'Windows 10', os.arch: 'amd64', os.version: '10.0', java.version: '13.0.1'
Driver info: org.openqa.selenium.chrome.ChromeDriver
Capabilities {acceptInsecureCerts: false, browserName: chrome, browserVersion: 91.0.4472.124, chrome: {chromedriverVersion: 91.0.4472.101 (af52a90bf870..., userDataDir: C:\Users\QA\AppData\Local\T...}, goog:chromeOptions: {debuggerAddress: localhost:65403}, javascriptEnabled: true, networkConnectionEnabled: false, pageLoadStrategy: normal, platform: WINDOWS, platformName: WINDOWS, proxy: Proxy(), setWindowRect: true, strictFileInteractability: false, timeouts: {implicit: 0, pageLoad: 300000, script: 30000}, unhandledPromptBehavior: dismiss and notify, webauthn:extension:largeBlob: true, webauthn:virtualAuthenticators: true}
Session ID: 2409206d59c003f576fc39c805706741
*** Element info: {Using=xpath, value=https://s3-eu-west-1.amazonaws.com/staticprod.fetchr.us/mweb_master/image/lang_ar.svg}
	at org.openqa.selenium.remote.http.W3CHttpResponseCodec.createException(W3CHttpResponseCodec.java:187)
	at org.openqa.selenium.remote.http.W3CHttpResponseCodec.decode(W3CHttpResponseCodec.java:122)
	at org.openqa.selenium.remote.http.W3CHttpResponseCodec.decode(W3CHttpResponseCodec.java:49)
	at org.openqa.selenium.remote.HttpCommandExecutor.execute(HttpCommandExecutor.java:158)
	at org.openqa.selenium.remote.service.DriverCommandExecutor.execute(DriverCommandExecutor.java:83)
	at org.openqa.selenium.remote.RemoteWebDriver.execute(RemoteWebDriver.java:548)
	at org.openqa.selenium.remote.RemoteWebDriver.findElement(RemoteWebDriver.java:322)
	at org.openqa.selenium.remote.RemoteWebDriver.findElementByXPath(RemoteWebDriver.java:424)
	at org.openqa.selenium.By$ByXPath.findElement(By.java:353)
	at org.openqa.selenium.remote.RemoteWebDriver.findElement(RemoteWebDriver.java:314)
	at org.openqa.selenium.support.events.EventFiringWebDriver.lambda$new$1(EventFiringWebDriver.java:105)
	at com.sun.proxy.$Proxy14.findElement(Unknown Source)
	at org.openqa.selenium.support.events.EventFiringWebDriver.findElement(EventFiringWebDriver.java:194)
	at org.openqa.selenium.support.pagefactory.DefaultElementLocator.findElement(DefaultElementLocator.java:69)
	at org.openqa.selenium.support.pagefactory.internal.LocatingElementHandler.invoke(LocatingElementHandler.java:38)
	at com.sun.proxy.$Proxy18.click(Unknown Source)
	at com.fetchr.pages.PrivacyPolicyPage.checkchangeLanguageToArabic(PrivacyPolicyPage.java:49)
	at com.fetchr.testcases.PrivacyPolicyPageTest.privacySwitchLanguageToArabic(PrivacyPolicyPageTest.java:88)
... Removed 32 stack frames]]>
    </failure>
  </testcase> <!-- privacySwitchLanguageToArabic -->
  <testcase classname="com.fetchr.testcases.CoronaSafetyPageTest" name="SafetyTitleTest" time="3.97"/>
  <testcase classname="com.fetchr.testcases.CoronaSafetyPageTest" name="SafetyUrlCheck" time="4.161"/>
  <testcase classname="com.fetchr.testcases.CoronaSafetyPageTest" name="SafetyLogoCheck" time="3.965"/>
  <testcase classname="com.fetchr.testcases.CoronaSafetyPageTest" name="SafetyswitchLanguageToArabic" time="6.071"/>
  <testcase classname="com.fetchr.testcases.CoronaSafetyPageTest" name="checkSafetyFacebookIcon" time="4.372"/>
  <testcase classname="com.fetchr.testcases.CoronaSafetyPageTest" name="checkSafetyTwitterIcon" time="4.139"/>
</testsuite> <!-- End to End Test on chrome -->
