<html>
<head>
<title>TestNG:  End to End Test on firefox</title>
<link href="../testng.css" rel="stylesheet" type="text/css" />
<link href="../my-testng.css" rel="stylesheet" type="text/css" />

<style type="text/css">
.log { display: none;} 
.stack-trace { display: none;} 
</style>
<script type="text/javascript">
<!--
function flip(e) {
  current = e.style.display;
  if (current == 'block') {
    e.style.display = 'none';
    return 0;
  }
  else {
    e.style.display = 'block';
    return 1;
  }
}

function toggleBox(szDivId, elem, msg1, msg2)
{
  var res = -1;  if (document.getElementById) {
    res = flip(document.getElementById(szDivId));
  }
  else if (document.all) {
    // this is the way old msie versions work
    res = flip(document.all[szDivId]);
  }
  if(elem) {
    if(res == 0) elem.innerHTML = msg1; else elem.innerHTML = msg2;
  }

}

function toggleAllBoxes() {
  if (document.getElementsByTagName) {
    d = document.getElementsByTagName('div');
    for (i = 0; i < d.length; i++) {
      if (d[i].className == 'log') {
        flip(d[i]);
      }
    }
  }
}

// -->
</script>

</head>
<body>
<h2 align='center'>End to End Test on firefox</h2><table border='1' align="center">
<tr>
<td>Tests passed/Failed/Skipped:</td><td>33/3/0</td>
</tr><tr>
<td>Started on:</td><td>Fri Jul 16 16:55:24 EEST 2021</td>
</tr>
<tr><td>Total time:</td><td>481 seconds (481599 ms)</td>
</tr><tr>
<td>Included groups:</td><td></td>
</tr><tr>
<td>Excluded groups:</td><td></td>
</tr>
</table><p/>
<small><i>(Hover the method name to see the test class name)</i></small><p/>
<table width='100%' border='1' class='invocation-failed'>
<tr><td colspan='4' align='center'><b>FAILED TESTS</b></td></tr>
<tr><td><b>Test method</b></td>
<td width="30%"><b>Exception</b></td>
<td width="10%"><b>Time (seconds)</b></td>
<td><b>Instance</b></td>
</tr>
<tr>
<td title='com.fetchr.testcases.PrivacyPolicyPageTest.privacySwitchLanguageToArabic()'><b>privacySwitchLanguageToArabic</b><br>Test class: com.fetchr.testcases.PrivacyPolicyPageTest<br>Parameters: public void com.fetchr.testcases.PrivacyPolicyPageTest.privacySwitchLanguageToArabic(java.lang.reflect.Method) throws java.io.IOException,java.lang.InterruptedException</td>
<td><div><pre>org.openqa.selenium.InvalidSelectorException: Given xpath expression &quot;https://s3-eu-west-1.amazonaws.com/staticprod.fetchr.us/mweb_master/image/lang_ar.svg&quot; is invalid: SyntaxError: The expression is not a legal expression.
For documentation on this error, please visit: http://seleniumhq.org/exceptions/invalid_selector_exception.html
Build info: version: &apos;3.13.0&apos;, revision: &apos;2f0d292&apos;, time: &apos;2018-06-25T15:24:21.231Z&apos;
System info: host: &apos;DESKTOP-QAK2P13&apos;, ip: &apos;192.168.1.82&apos;, os.name: &apos;Windows 10&apos;, os.arch: &apos;amd64&apos;, os.version: &apos;10.0&apos;, java.version: &apos;13.0.1&apos;
Driver info: org.openqa.selenium.firefox.FirefoxDriver
Capabilities {acceptInsecureCerts: true, browserName: firefox, browserVersion: 89.0.2, javascriptEnabled: true, moz:accessibilityChecks: false, moz:buildID: 20210622155641, moz:geckodriverVersion: 0.29.0, moz:headless: false, moz:processID: 10516, moz:profile: C:\Users\QA\AppData\Local\T..., moz:shutdownTimeout: 60000, moz:useNonSpecCompliantPointerOrigin: false, moz:webdriverClick: true, pageLoadStrategy: normal, platform: WINDOWS, platformName: WINDOWS, platformVersion: 10.0, setWindowRect: true, strictFileInteractability: false, timeouts: {implicit: 0, pageLoad: 300000, script: 30000}, unhandledPromptBehavior: dismiss and notify}
Session ID: 193fbfe6-b777-4ff5-8b3f-b52c0fcc4e41
*** Element info: {Using=xpath, value=https://s3-eu-west-1.amazonaws.com/staticprod.fetchr.us/mweb_master/image/lang_ar.svg}
	at org.openqa.selenium.remote.http.W3CHttpResponseCodec.createException(W3CHttpResponseCodec.java:187)
	at org.openqa.selenium.remote.http.W3CHttpResponseCodec.decode(W3CHttpResponseCodec.java:122)
	at org.openqa.selenium.remote.http.W3CHttpResponseCodec.decode(W3CHttpResponseCodec.java:49)
	at org.openqa.selenium.remote.HttpCommandExecutor.execute(HttpCommandExecutor.java:158)
	at org.openqa.selenium.remote.service.DriverCommandExecutor.execute(DriverCommandExecutor.java:83)
	at org.openqa.selenium.remote.RemoteWebDriver.execute(RemoteWebDriver.java:548)
	at org.openqa.selenium.remote.RemoteWebDriver.findElement(RemoteWebDriver.java:322)
	at org.openqa.selenium.remote.RemoteWebDriver.findElementByXPath(RemoteWebDriver.java:424)
	at org.openqa.selenium.By$ByXPath.findElement(By.java:353)
	at org.openqa.selenium.remote.RemoteWebDriver.findElement(RemoteWebDriver.java:314)
	at org.openqa.selenium.support.events.EventFiringWebDriver.lambda$new$1(EventFiringWebDriver.java:105)
	at com.sun.proxy.$Proxy21.findElement(Unknown Source)
	at org.openqa.selenium.support.events.EventFiringWebDriver.findElement(EventFiringWebDriver.java:194)
	at org.openqa.selenium.support.pagefactory.DefaultElementLocator.findElement(DefaultElementLocator.java:69)
	at org.openqa.selenium.support.pagefactory.internal.LocatingElementHandler.invoke(LocatingElementHandler.java:38)
	at com.sun.proxy.$Proxy18.click(Unknown Source)
	at com.fetchr.pages.PrivacyPolicyPage.checkchangeLanguageToArabic(PrivacyPolicyPage.java:49)
	at com.fetchr.testcases.PrivacyPolicyPageTest.privacySwitchLanguageToArabic(PrivacyPolicyPageTest.java:88)
... Removed 32 stack frames</pre></div><a href='#' onClick='toggleBox("stack-trace38920753", this, "Click to show all stack frames", "Click to hide stack frames")'>Click to show all stack frames</a>
<div class='stack-trace' id='stack-trace38920753'><pre>org.openqa.selenium.InvalidSelectorException: Given xpath expression &quot;https://s3-eu-west-1.amazonaws.com/staticprod.fetchr.us/mweb_master/image/lang_ar.svg&quot; is invalid: SyntaxError: The expression is not a legal expression.
For documentation on this error, please visit: http://seleniumhq.org/exceptions/invalid_selector_exception.html
Build info: version: &apos;3.13.0&apos;, revision: &apos;2f0d292&apos;, time: &apos;2018-06-25T15:24:21.231Z&apos;
System info: host: &apos;DESKTOP-QAK2P13&apos;, ip: &apos;192.168.1.82&apos;, os.name: &apos;Windows 10&apos;, os.arch: &apos;amd64&apos;, os.version: &apos;10.0&apos;, java.version: &apos;13.0.1&apos;
Driver info: org.openqa.selenium.firefox.FirefoxDriver
Capabilities {acceptInsecureCerts: true, browserName: firefox, browserVersion: 89.0.2, javascriptEnabled: true, moz:accessibilityChecks: false, moz:buildID: 20210622155641, moz:geckodriverVersion: 0.29.0, moz:headless: false, moz:processID: 10516, moz:profile: C:\Users\QA\AppData\Local\T..., moz:shutdownTimeout: 60000, moz:useNonSpecCompliantPointerOrigin: false, moz:webdriverClick: true, pageLoadStrategy: normal, platform: WINDOWS, platformName: WINDOWS, platformVersion: 10.0, setWindowRect: true, strictFileInteractability: false, timeouts: {implicit: 0, pageLoad: 300000, script: 30000}, unhandledPromptBehavior: dismiss and notify}
Session ID: 193fbfe6-b777-4ff5-8b3f-b52c0fcc4e41
*** Element info: {Using=xpath, value=https://s3-eu-west-1.amazonaws.com/staticprod.fetchr.us/mweb_master/image/lang_ar.svg}
	at java.base/jdk.internal.reflect.NativeConstructorAccessorImpl.newInstance0(Native Method)
	at java.base/jdk.internal.reflect.NativeConstructorAccessorImpl.newInstance(NativeConstructorAccessorImpl.java:62)
	at java.base/jdk.internal.reflect.DelegatingConstructorAccessorImpl.newInstance(DelegatingConstructorAccessorImpl.java:45)
	at java.base/java.lang.reflect.Constructor.newInstanceWithCaller(Constructor.java:500)
	at java.base/java.lang.reflect.Constructor.newInstance(Constructor.java:481)
	at org.openqa.selenium.remote.http.W3CHttpResponseCodec.createException(W3CHttpResponseCodec.java:187)
	at org.openqa.selenium.remote.http.W3CHttpResponseCodec.decode(W3CHttpResponseCodec.java:122)
	at org.openqa.selenium.remote.http.W3CHttpResponseCodec.decode(W3CHttpResponseCodec.java:49)
	at org.openqa.selenium.remote.HttpCommandExecutor.execute(HttpCommandExecutor.java:158)
	at org.openqa.selenium.remote.service.DriverCommandExecutor.execute(DriverCommandExecutor.java:83)
	at org.openqa.selenium.remote.RemoteWebDriver.execute(RemoteWebDriver.java:548)
	at org.openqa.selenium.remote.RemoteWebDriver.findElement(RemoteWebDriver.java:322)
	at org.openqa.selenium.remote.RemoteWebDriver.findElementByXPath(RemoteWebDriver.java:424)
	at org.openqa.selenium.By$ByXPath.findElement(By.java:353)
	at org.openqa.selenium.remote.RemoteWebDriver.findElement(RemoteWebDriver.java:314)
	at jdk.internal.reflect.GeneratedMethodAccessor5.invoke(Unknown Source)
	at java.base/jdk.internal.reflect.DelegatingMethodAccessorImpl.invoke(DelegatingMethodAccessorImpl.java:43)
	at java.base/java.lang.reflect.Method.invoke(Method.java:567)
	at org.openqa.selenium.support.events.EventFiringWebDriver.lambda$new$1(EventFiringWebDriver.java:105)
	at com.sun.proxy.$Proxy21.findElement(Unknown Source)
	at org.openqa.selenium.support.events.EventFiringWebDriver.findElement(EventFiringWebDriver.java:194)
	at org.openqa.selenium.support.pagefactory.DefaultElementLocator.findElement(DefaultElementLocator.java:69)
	at org.openqa.selenium.support.pagefactory.internal.LocatingElementHandler.invoke(LocatingElementHandler.java:38)
	at com.sun.proxy.$Proxy18.click(Unknown Source)
	at com.fetchr.pages.PrivacyPolicyPage.checkchangeLanguageToArabic(PrivacyPolicyPage.java:49)
	at com.fetchr.testcases.PrivacyPolicyPageTest.privacySwitchLanguageToArabic(PrivacyPolicyPageTest.java:88)
	at java.base/jdk.internal.reflect.NativeMethodAccessorImpl.invoke0(Native Method)
	at java.base/jdk.internal.reflect.NativeMethodAccessorImpl.invoke(NativeMethodAccessorImpl.java:62)
	at java.base/jdk.internal.reflect.DelegatingMethodAccessorImpl.invoke(DelegatingMethodAccessorImpl.java:43)
	at java.base/java.lang.reflect.Method.invoke(Method.java:567)
	at org.testng.internal.MethodInvocationHelper.invokeMethod(MethodInvocationHelper.java:84)
	at org.testng.internal.Invoker.invokeMethod(Invoker.java:714)
	at org.testng.internal.Invoker.invokeTestMethod(Invoker.java:901)
	at org.testng.internal.Invoker.invokeTestMethods(Invoker.java:1231)
	at org.testng.internal.TestMethodWorker.invokeTestMethods(TestMethodWorker.java:127)
	at org.testng.internal.TestMethodWorker.run(TestMethodWorker.java:111)
	at org.testng.TestRunner.privateRun(TestRunner.java:767)
	at org.testng.TestRunner.run(TestRunner.java:617)
	at org.testng.SuiteRunner.runTest(SuiteRunner.java:348)
	at org.testng.SuiteRunner.runSequentially(SuiteRunner.java:343)
	at org.testng.SuiteRunner.privateRun(SuiteRunner.java:305)
	at org.testng.SuiteRunner.run(SuiteRunner.java:254)
	at org.testng.SuiteRunnerWorker.runSuite(SuiteRunnerWorker.java:52)
	at org.testng.SuiteRunnerWorker.run(SuiteRunnerWorker.java:86)
	at org.testng.TestNG.runSuitesSequentially(TestNG.java:1224)
	at org.testng.TestNG.runSuitesLocally(TestNG.java:1149)
	at org.testng.TestNG.run(TestNG.java:1057)
	at org.testng.remote.AbstractRemoteTestNG.run(AbstractRemoteTestNG.java:115)
	at org.testng.remote.RemoteTestNG.initAndRun(RemoteTestNG.java:251)
	at org.testng.remote.RemoteTestNG.main(RemoteTestNG.java:77)
</pre></div></td>
<td>0</td>
<td>com.fetchr.testcases.PrivacyPolicyPageTest@52f27fbd</td></tr>
<tr>
<td title='com.fetchr.testcases.TrackingPageTest.switchLanguageToArabic()'><b>switchLanguageToArabic</b><br>Test class: com.fetchr.testcases.TrackingPageTest<br>Parameters: public void com.fetchr.testcases.TrackingPageTest.switchLanguageToArabic(java.lang.reflect.Method) throws java.io.IOException,java.lang.InterruptedException</td>
<td><div><pre>org.openqa.selenium.NoSuchElementException: Unable to locate element: //img [@src = &apos;https://s3-eu-west-1.amazonaws.com/staticprod.fetchr.us/mweb_master/image/logo-ar-fetchr.png&apos;]
For documentation on this error, please visit: http://seleniumhq.org/exceptions/no_such_element.html
Build info: version: &apos;3.13.0&apos;, revision: &apos;2f0d292&apos;, time: &apos;2018-06-25T15:24:21.231Z&apos;
System info: host: &apos;DESKTOP-QAK2P13&apos;, ip: &apos;192.168.1.82&apos;, os.name: &apos;Windows 10&apos;, os.arch: &apos;amd64&apos;, os.version: &apos;10.0&apos;, java.version: &apos;13.0.1&apos;
Driver info: org.openqa.selenium.firefox.FirefoxDriver
Capabilities {acceptInsecureCerts: true, browserName: firefox, browserVersion: 89.0.2, javascriptEnabled: true, moz:accessibilityChecks: false, moz:buildID: 20210622155641, moz:geckodriverVersion: 0.29.0, moz:headless: false, moz:processID: 19252, moz:profile: C:\Users\QA\AppData\Local\T..., moz:shutdownTimeout: 60000, moz:useNonSpecCompliantPointerOrigin: false, moz:webdriverClick: true, pageLoadStrategy: normal, platform: WINDOWS, platformName: WINDOWS, platformVersion: 10.0, setWindowRect: true, strictFileInteractability: false, timeouts: {implicit: 0, pageLoad: 300000, script: 30000}, unhandledPromptBehavior: dismiss and notify}
Session ID: f762268a-a512-402a-aede-5d13f93f0131
*** Element info: {Using=xpath, value=//img [@src = &apos;https://s3-eu-west-1.amazonaws.com/staticprod.fetchr.us/mweb_master/image/logo-ar-fetchr.png&apos;]}
	at org.openqa.selenium.remote.http.W3CHttpResponseCodec.createException(W3CHttpResponseCodec.java:187)
	at org.openqa.selenium.remote.http.W3CHttpResponseCodec.decode(W3CHttpResponseCodec.java:122)
	at org.openqa.selenium.remote.http.W3CHttpResponseCodec.decode(W3CHttpResponseCodec.java:49)
	at org.openqa.selenium.remote.HttpCommandExecutor.execute(HttpCommandExecutor.java:158)
	at org.openqa.selenium.remote.service.DriverCommandExecutor.execute(DriverCommandExecutor.java:83)
	at org.openqa.selenium.remote.RemoteWebDriver.execute(RemoteWebDriver.java:548)
	at org.openqa.selenium.remote.RemoteWebDriver.findElement(RemoteWebDriver.java:322)
	at org.openqa.selenium.remote.RemoteWebDriver.findElementByXPath(RemoteWebDriver.java:424)
	at org.openqa.selenium.By$ByXPath.findElement(By.java:353)
	at org.openqa.selenium.remote.RemoteWebDriver.findElement(RemoteWebDriver.java:314)
	at org.openqa.selenium.support.events.EventFiringWebDriver.lambda$new$1(EventFiringWebDriver.java:105)
	at com.sun.proxy.$Proxy21.findElement(Unknown Source)
	at org.openqa.selenium.support.events.EventFiringWebDriver.findElement(EventFiringWebDriver.java:194)
	at org.openqa.selenium.support.pagefactory.DefaultElementLocator.findElement(DefaultElementLocator.java:69)
	at org.openqa.selenium.support.pagefactory.internal.LocatingElementHandler.invoke(LocatingElementHandler.java:38)
	at com.sun.proxy.$Proxy18.isDisplayed(Unknown Source)
	at com.fetchr.pages.TrackingPage.changeLanguageToArabic(TrackingPage.java:93)
	at com.fetchr.testcases.TrackingPageTest.switchLanguageToArabic(TrackingPageTest.java:100)
... Removed 32 stack frames</pre></div><a href='#' onClick='toggleBox("stack-trace42588554", this, "Click to show all stack frames", "Click to hide stack frames")'>Click to show all stack frames</a>
<div class='stack-trace' id='stack-trace42588554'><pre>org.openqa.selenium.NoSuchElementException: Unable to locate element: //img [@src = &apos;https://s3-eu-west-1.amazonaws.com/staticprod.fetchr.us/mweb_master/image/logo-ar-fetchr.png&apos;]
For documentation on this error, please visit: http://seleniumhq.org/exceptions/no_such_element.html
Build info: version: &apos;3.13.0&apos;, revision: &apos;2f0d292&apos;, time: &apos;2018-06-25T15:24:21.231Z&apos;
System info: host: &apos;DESKTOP-QAK2P13&apos;, ip: &apos;192.168.1.82&apos;, os.name: &apos;Windows 10&apos;, os.arch: &apos;amd64&apos;, os.version: &apos;10.0&apos;, java.version: &apos;13.0.1&apos;
Driver info: org.openqa.selenium.firefox.FirefoxDriver
Capabilities {acceptInsecureCerts: true, browserName: firefox, browserVersion: 89.0.2, javascriptEnabled: true, moz:accessibilityChecks: false, moz:buildID: 20210622155641, moz:geckodriverVersion: 0.29.0, moz:headless: false, moz:processID: 19252, moz:profile: C:\Users\QA\AppData\Local\T..., moz:shutdownTimeout: 60000, moz:useNonSpecCompliantPointerOrigin: false, moz:webdriverClick: true, pageLoadStrategy: normal, platform: WINDOWS, platformName: WINDOWS, platformVersion: 10.0, setWindowRect: true, strictFileInteractability: false, timeouts: {implicit: 0, pageLoad: 300000, script: 30000}, unhandledPromptBehavior: dismiss and notify}
Session ID: f762268a-a512-402a-aede-5d13f93f0131
*** Element info: {Using=xpath, value=//img [@src = &apos;https://s3-eu-west-1.amazonaws.com/staticprod.fetchr.us/mweb_master/image/logo-ar-fetchr.png&apos;]}
	at java.base/jdk.internal.reflect.NativeConstructorAccessorImpl.newInstance0(Native Method)
	at java.base/jdk.internal.reflect.NativeConstructorAccessorImpl.newInstance(NativeConstructorAccessorImpl.java:62)
	at java.base/jdk.internal.reflect.DelegatingConstructorAccessorImpl.newInstance(DelegatingConstructorAccessorImpl.java:45)
	at java.base/java.lang.reflect.Constructor.newInstanceWithCaller(Constructor.java:500)
	at java.base/java.lang.reflect.Constructor.newInstance(Constructor.java:481)
	at org.openqa.selenium.remote.http.W3CHttpResponseCodec.createException(W3CHttpResponseCodec.java:187)
	at org.openqa.selenium.remote.http.W3CHttpResponseCodec.decode(W3CHttpResponseCodec.java:122)
	at org.openqa.selenium.remote.http.W3CHttpResponseCodec.decode(W3CHttpResponseCodec.java:49)
	at org.openqa.selenium.remote.HttpCommandExecutor.execute(HttpCommandExecutor.java:158)
	at org.openqa.selenium.remote.service.DriverCommandExecutor.execute(DriverCommandExecutor.java:83)
	at org.openqa.selenium.remote.RemoteWebDriver.execute(RemoteWebDriver.java:548)
	at org.openqa.selenium.remote.RemoteWebDriver.findElement(RemoteWebDriver.java:322)
	at org.openqa.selenium.remote.RemoteWebDriver.findElementByXPath(RemoteWebDriver.java:424)
	at org.openqa.selenium.By$ByXPath.findElement(By.java:353)
	at org.openqa.selenium.remote.RemoteWebDriver.findElement(RemoteWebDriver.java:314)
	at jdk.internal.reflect.GeneratedMethodAccessor5.invoke(Unknown Source)
	at java.base/jdk.internal.reflect.DelegatingMethodAccessorImpl.invoke(DelegatingMethodAccessorImpl.java:43)
	at java.base/java.lang.reflect.Method.invoke(Method.java:567)
	at org.openqa.selenium.support.events.EventFiringWebDriver.lambda$new$1(EventFiringWebDriver.java:105)
	at com.sun.proxy.$Proxy21.findElement(Unknown Source)
	at org.openqa.selenium.support.events.EventFiringWebDriver.findElement(EventFiringWebDriver.java:194)
	at org.openqa.selenium.support.pagefactory.DefaultElementLocator.findElement(DefaultElementLocator.java:69)
	at org.openqa.selenium.support.pagefactory.internal.LocatingElementHandler.invoke(LocatingElementHandler.java:38)
	at com.sun.proxy.$Proxy18.isDisplayed(Unknown Source)
	at com.fetchr.pages.TrackingPage.changeLanguageToArabic(TrackingPage.java:93)
	at com.fetchr.testcases.TrackingPageTest.switchLanguageToArabic(TrackingPageTest.java:100)
	at java.base/jdk.internal.reflect.NativeMethodAccessorImpl.invoke0(Native Method)
	at java.base/jdk.internal.reflect.NativeMethodAccessorImpl.invoke(NativeMethodAccessorImpl.java:62)
	at java.base/jdk.internal.reflect.DelegatingMethodAccessorImpl.invoke(DelegatingMethodAccessorImpl.java:43)
	at java.base/java.lang.reflect.Method.invoke(Method.java:567)
	at org.testng.internal.MethodInvocationHelper.invokeMethod(MethodInvocationHelper.java:84)
	at org.testng.internal.Invoker.invokeMethod(Invoker.java:714)
	at org.testng.internal.Invoker.invokeTestMethod(Invoker.java:901)
	at org.testng.internal.Invoker.invokeTestMethods(Invoker.java:1231)
	at org.testng.internal.TestMethodWorker.invokeTestMethods(TestMethodWorker.java:127)
	at org.testng.internal.TestMethodWorker.run(TestMethodWorker.java:111)
	at org.testng.TestRunner.privateRun(TestRunner.java:767)
	at org.testng.TestRunner.run(TestRunner.java:617)
	at org.testng.SuiteRunner.runTest(SuiteRunner.java:348)
	at org.testng.SuiteRunner.runSequentially(SuiteRunner.java:343)
	at org.testng.SuiteRunner.privateRun(SuiteRunner.java:305)
	at org.testng.SuiteRunner.run(SuiteRunner.java:254)
	at org.testng.SuiteRunnerWorker.runSuite(SuiteRunnerWorker.java:52)
	at org.testng.SuiteRunnerWorker.run(SuiteRunnerWorker.java:86)
	at org.testng.TestNG.runSuitesSequentially(TestNG.java:1224)
	at org.testng.TestNG.runSuitesLocally(TestNG.java:1149)
	at org.testng.TestNG.run(TestNG.java:1057)
	at org.testng.remote.AbstractRemoteTestNG.run(AbstractRemoteTestNG.java:115)
	at org.testng.remote.RemoteTestNG.initAndRun(RemoteTestNG.java:251)
	at org.testng.remote.RemoteTestNG.main(RemoteTestNG.java:77)
</pre></div></td>
<td>11</td>
<td>com.fetchr.testcases.TrackingPageTest@28dcca0c</td></tr>
<tr>
<td title='com.fetchr.testcases.TermsAndConditionsPageTest.termsSwitchLanguageToArabic()'><b>termsSwitchLanguageToArabic</b><br>Test class: com.fetchr.testcases.TermsAndConditionsPageTest<br>Parameters: public void com.fetchr.testcases.TermsAndConditionsPageTest.termsSwitchLanguageToArabic(java.lang.reflect.Method) throws java.io.IOException,java.lang.InterruptedException</td>
<td><div><pre>org.openqa.selenium.NoSuchElementException: Unable to locate element: //img[@src = &apos;https://s3-eu-west-1.amazonaws.com/staticprod.fetchr.us/mweb_master/image/icn_language_english.pnghttps://s3-eu-west-1.amazonaws.com/staticprod.fetchr.us/mweb_master/image/icn_language_english.png&apos;]
For documentation on this error, please visit: http://seleniumhq.org/exceptions/no_such_element.html
Build info: version: &apos;3.13.0&apos;, revision: &apos;2f0d292&apos;, time: &apos;2018-06-25T15:24:21.231Z&apos;
System info: host: &apos;DESKTOP-QAK2P13&apos;, ip: &apos;192.168.1.82&apos;, os.name: &apos;Windows 10&apos;, os.arch: &apos;amd64&apos;, os.version: &apos;10.0&apos;, java.version: &apos;13.0.1&apos;
Driver info: org.openqa.selenium.firefox.FirefoxDriver
Capabilities {acceptInsecureCerts: true, browserName: firefox, browserVersion: 89.0.2, javascriptEnabled: true, moz:accessibilityChecks: false, moz:buildID: 20210622155641, moz:geckodriverVersion: 0.29.0, moz:headless: false, moz:processID: 15916, moz:profile: C:\Users\QA\AppData\Local\T..., moz:shutdownTimeout: 60000, moz:useNonSpecCompliantPointerOrigin: false, moz:webdriverClick: true, pageLoadStrategy: normal, platform: WINDOWS, platformName: WINDOWS, platformVersion: 10.0, setWindowRect: true, strictFileInteractability: false, timeouts: {implicit: 0, pageLoad: 300000, script: 30000}, unhandledPromptBehavior: dismiss and notify}
Session ID: b58e2b1d-9580-4562-8ed5-3a7340199f20
*** Element info: {Using=xpath, value=//img[@src = &apos;https://s3-eu-west-1.amazonaws.com/staticprod.fetchr.us/mweb_master/image/icn_language_english.pnghttps://s3-eu-west-1.amazonaws.com/staticprod.fetchr.us/mweb_master/image/icn_language_english.png&apos;]}
	at org.openqa.selenium.remote.http.W3CHttpResponseCodec.createException(W3CHttpResponseCodec.java:187)
	at org.openqa.selenium.remote.http.W3CHttpResponseCodec.decode(W3CHttpResponseCodec.java:122)
	at org.openqa.selenium.remote.http.W3CHttpResponseCodec.decode(W3CHttpResponseCodec.java:49)
	at org.openqa.selenium.remote.HttpCommandExecutor.execute(HttpCommandExecutor.java:158)
	at org.openqa.selenium.remote.service.DriverCommandExecutor.execute(DriverCommandExecutor.java:83)
	at org.openqa.selenium.remote.RemoteWebDriver.execute(RemoteWebDriver.java:548)
	at org.openqa.selenium.remote.RemoteWebDriver.findElement(RemoteWebDriver.java:322)
	at org.openqa.selenium.remote.RemoteWebDriver.findElementByXPath(RemoteWebDriver.java:424)
	at org.openqa.selenium.By$ByXPath.findElement(By.java:353)
	at org.openqa.selenium.remote.RemoteWebDriver.findElement(RemoteWebDriver.java:314)
	at org.openqa.selenium.support.events.EventFiringWebDriver.lambda$new$1(EventFiringWebDriver.java:105)
	at com.sun.proxy.$Proxy21.findElement(Unknown Source)
	at org.openqa.selenium.support.events.EventFiringWebDriver.findElement(EventFiringWebDriver.java:194)
	at org.openqa.selenium.support.pagefactory.DefaultElementLocator.findElement(DefaultElementLocator.java:69)
	at org.openqa.selenium.support.pagefactory.internal.LocatingElementHandler.invoke(LocatingElementHandler.java:38)
	at com.sun.proxy.$Proxy18.isDisplayed(Unknown Source)
	at com.fetchr.pages.TermsAndConditionsPage.checkchangeLanguageToArabic(TermsAndConditionsPage.java:50)
	at com.fetchr.testcases.TermsAndConditionsPageTest.termsSwitchLanguageToArabic(TermsAndConditionsPageTest.java:93)
... Removed 32 stack frames</pre></div><a href='#' onClick='toggleBox("stack-trace1368375986", this, "Click to show all stack frames", "Click to hide stack frames")'>Click to show all stack frames</a>
<div class='stack-trace' id='stack-trace1368375986'><pre>org.openqa.selenium.NoSuchElementException: Unable to locate element: //img[@src = &apos;https://s3-eu-west-1.amazonaws.com/staticprod.fetchr.us/mweb_master/image/icn_language_english.pnghttps://s3-eu-west-1.amazonaws.com/staticprod.fetchr.us/mweb_master/image/icn_language_english.png&apos;]
For documentation on this error, please visit: http://seleniumhq.org/exceptions/no_such_element.html
Build info: version: &apos;3.13.0&apos;, revision: &apos;2f0d292&apos;, time: &apos;2018-06-25T15:24:21.231Z&apos;
System info: host: &apos;DESKTOP-QAK2P13&apos;, ip: &apos;192.168.1.82&apos;, os.name: &apos;Windows 10&apos;, os.arch: &apos;amd64&apos;, os.version: &apos;10.0&apos;, java.version: &apos;13.0.1&apos;
Driver info: org.openqa.selenium.firefox.FirefoxDriver
Capabilities {acceptInsecureCerts: true, browserName: firefox, browserVersion: 89.0.2, javascriptEnabled: true, moz:accessibilityChecks: false, moz:buildID: 20210622155641, moz:geckodriverVersion: 0.29.0, moz:headless: false, moz:processID: 15916, moz:profile: C:\Users\QA\AppData\Local\T..., moz:shutdownTimeout: 60000, moz:useNonSpecCompliantPointerOrigin: false, moz:webdriverClick: true, pageLoadStrategy: normal, platform: WINDOWS, platformName: WINDOWS, platformVersion: 10.0, setWindowRect: true, strictFileInteractability: false, timeouts: {implicit: 0, pageLoad: 300000, script: 30000}, unhandledPromptBehavior: dismiss and notify}
Session ID: b58e2b1d-9580-4562-8ed5-3a7340199f20
*** Element info: {Using=xpath, value=//img[@src = &apos;https://s3-eu-west-1.amazonaws.com/staticprod.fetchr.us/mweb_master/image/icn_language_english.pnghttps://s3-eu-west-1.amazonaws.com/staticprod.fetchr.us/mweb_master/image/icn_language_english.png&apos;]}
	at java.base/jdk.internal.reflect.NativeConstructorAccessorImpl.newInstance0(Native Method)
	at java.base/jdk.internal.reflect.NativeConstructorAccessorImpl.newInstance(NativeConstructorAccessorImpl.java:62)
	at java.base/jdk.internal.reflect.DelegatingConstructorAccessorImpl.newInstance(DelegatingConstructorAccessorImpl.java:45)
	at java.base/java.lang.reflect.Constructor.newInstanceWithCaller(Constructor.java:500)
	at java.base/java.lang.reflect.Constructor.newInstance(Constructor.java:481)
	at org.openqa.selenium.remote.http.W3CHttpResponseCodec.createException(W3CHttpResponseCodec.java:187)
	at org.openqa.selenium.remote.http.W3CHttpResponseCodec.decode(W3CHttpResponseCodec.java:122)
	at org.openqa.selenium.remote.http.W3CHttpResponseCodec.decode(W3CHttpResponseCodec.java:49)
	at org.openqa.selenium.remote.HttpCommandExecutor.execute(HttpCommandExecutor.java:158)
	at org.openqa.selenium.remote.service.DriverCommandExecutor.execute(DriverCommandExecutor.java:83)
	at org.openqa.selenium.remote.RemoteWebDriver.execute(RemoteWebDriver.java:548)
	at org.openqa.selenium.remote.RemoteWebDriver.findElement(RemoteWebDriver.java:322)
	at org.openqa.selenium.remote.RemoteWebDriver.findElementByXPath(RemoteWebDriver.java:424)
	at org.openqa.selenium.By$ByXPath.findElement(By.java:353)
	at org.openqa.selenium.remote.RemoteWebDriver.findElement(RemoteWebDriver.java:314)
	at jdk.internal.reflect.GeneratedMethodAccessor5.invoke(Unknown Source)
	at java.base/jdk.internal.reflect.DelegatingMethodAccessorImpl.invoke(DelegatingMethodAccessorImpl.java:43)
	at java.base/java.lang.reflect.Method.invoke(Method.java:567)
	at org.openqa.selenium.support.events.EventFiringWebDriver.lambda$new$1(EventFiringWebDriver.java:105)
	at com.sun.proxy.$Proxy21.findElement(Unknown Source)
	at org.openqa.selenium.support.events.EventFiringWebDriver.findElement(EventFiringWebDriver.java:194)
	at org.openqa.selenium.support.pagefactory.DefaultElementLocator.findElement(DefaultElementLocator.java:69)
	at org.openqa.selenium.support.pagefactory.internal.LocatingElementHandler.invoke(LocatingElementHandler.java:38)
	at com.sun.proxy.$Proxy18.isDisplayed(Unknown Source)
	at com.fetchr.pages.TermsAndConditionsPage.checkchangeLanguageToArabic(TermsAndConditionsPage.java:50)
	at com.fetchr.testcases.TermsAndConditionsPageTest.termsSwitchLanguageToArabic(TermsAndConditionsPageTest.java:93)
	at java.base/jdk.internal.reflect.NativeMethodAccessorImpl.invoke0(Native Method)
	at java.base/jdk.internal.reflect.NativeMethodAccessorImpl.invoke(NativeMethodAccessorImpl.java:62)
	at java.base/jdk.internal.reflect.DelegatingMethodAccessorImpl.invoke(DelegatingMethodAccessorImpl.java:43)
	at java.base/java.lang.reflect.Method.invoke(Method.java:567)
	at org.testng.internal.MethodInvocationHelper.invokeMethod(MethodInvocationHelper.java:84)
	at org.testng.internal.Invoker.invokeMethod(Invoker.java:714)
	at org.testng.internal.Invoker.invokeTestMethod(Invoker.java:901)
	at org.testng.internal.Invoker.invokeTestMethods(Invoker.java:1231)
	at org.testng.internal.TestMethodWorker.invokeTestMethods(TestMethodWorker.java:127)
	at org.testng.internal.TestMethodWorker.run(TestMethodWorker.java:111)
	at org.testng.TestRunner.privateRun(TestRunner.java:767)
	at org.testng.TestRunner.run(TestRunner.java:617)
	at org.testng.SuiteRunner.runTest(SuiteRunner.java:348)
	at org.testng.SuiteRunner.runSequentially(SuiteRunner.java:343)
	at org.testng.SuiteRunner.privateRun(SuiteRunner.java:305)
	at org.testng.SuiteRunner.run(SuiteRunner.java:254)
	at org.testng.SuiteRunnerWorker.runSuite(SuiteRunnerWorker.java:52)
	at org.testng.SuiteRunnerWorker.run(SuiteRunnerWorker.java:86)
	at org.testng.TestNG.runSuitesSequentially(TestNG.java:1224)
	at org.testng.TestNG.runSuitesLocally(TestNG.java:1149)
	at org.testng.TestNG.run(TestNG.java:1057)
	at org.testng.remote.AbstractRemoteTestNG.run(AbstractRemoteTestNG.java:115)
	at org.testng.remote.RemoteTestNG.initAndRun(RemoteTestNG.java:251)
	at org.testng.remote.RemoteTestNG.main(RemoteTestNG.java:77)
</pre></div></td>
<td>10</td>
<td>com.fetchr.testcases.TermsAndConditionsPageTest@25be7b63</td></tr>
</table><p>
<table width='100%' border='1' class='invocation-passed'>
<tr><td colspan='4' align='center'><b>PASSED TESTS</b></td></tr>
<tr><td><b>Test method</b></td>
<td width="30%"><b>Exception</b></td>
<td width="10%"><b>Time (seconds)</b></td>
<td><b>Instance</b></td>
</tr>
<tr>
<td title='com.fetchr.testcases.TrackingPageTest.NavigatetoRescheduleOrderScreem()'><b>NavigatetoRescheduleOrderScreem</b><br>Test class: com.fetchr.testcases.TrackingPageTest<br>Parameters: 34172147562365, public void com.fetchr.testcases.TrackingPageTest.NavigatetoRescheduleOrderScreem(java.lang.String,java.lang.reflect.Method) throws java.io.IOException</td>
<td></td>
<td>1</td>
<td>com.fetchr.testcases.TrackingPageTest@28dcca0c</td></tr>
<tr>
<td title='com.fetchr.testcases.TrackingPageTest.NavigatetoRescheduleOrderScreem()'><b>NavigatetoRescheduleOrderScreem</b><br>Test class: com.fetchr.testcases.TrackingPageTest<br>Parameters: 34125613330978, public void com.fetchr.testcases.TrackingPageTest.NavigatetoRescheduleOrderScreem(java.lang.String,java.lang.reflect.Method) throws java.io.IOException</td>
<td></td>
<td>1</td>
<td>com.fetchr.testcases.TrackingPageTest@28dcca0c</td></tr>
<tr>
<td title='com.fetchr.testcases.CoronaSafetyPageTest.SafetyLogoCheck()'><b>SafetyLogoCheck</b><br>Test class: com.fetchr.testcases.CoronaSafetyPageTest<br>Parameters: public void com.fetchr.testcases.CoronaSafetyPageTest.SafetyLogoCheck(java.lang.reflect.Method) throws java.io.IOException</td>
<td></td>
<td>2</td>
<td>com.fetchr.testcases.CoronaSafetyPageTest@45d84a20</td></tr>
<tr>
<td title='com.fetchr.testcases.CoronaSafetyPageTest.SafetyTitleTest()'><b>SafetyTitleTest</b><br>Test class: com.fetchr.testcases.CoronaSafetyPageTest<br>Parameters: public void com.fetchr.testcases.CoronaSafetyPageTest.SafetyTitleTest(java.lang.reflect.Method) throws java.io.IOException,atu.testrecorder.exceptions.ATUTestRecorderException,java.lang.InterruptedException</td>
<td></td>
<td>9</td>
<td>com.fetchr.testcases.CoronaSafetyPageTest@45d84a20</td></tr>
<tr>
<td title='com.fetchr.testcases.CoronaSafetyPageTest.SafetyUrlCheck()'><b>SafetyUrlCheck</b><br>Test class: com.fetchr.testcases.CoronaSafetyPageTest<br>Parameters: public void com.fetchr.testcases.CoronaSafetyPageTest.SafetyUrlCheck(java.lang.reflect.Method) throws java.io.IOException,java.lang.InterruptedException</td>
<td></td>
<td>2</td>
<td>com.fetchr.testcases.CoronaSafetyPageTest@45d84a20</td></tr>
<tr>
<td title='com.fetchr.testcases.CoronaSafetyPageTest.SafetyswitchLanguageToArabic()'><b>SafetyswitchLanguageToArabic</b><br>Test class: com.fetchr.testcases.CoronaSafetyPageTest<br>Parameters: public void com.fetchr.testcases.CoronaSafetyPageTest.SafetyswitchLanguageToArabic(java.lang.reflect.Method) throws java.io.IOException,java.lang.InterruptedException</td>
<td></td>
<td>11</td>
<td>com.fetchr.testcases.CoronaSafetyPageTest@45d84a20</td></tr>
<tr>
<td title='com.fetchr.testcases.TrackingPageTest.checkOrderHistory()'><b>checkOrderHistory</b><br>Test class: com.fetchr.testcases.TrackingPageTest<br>Parameters: 34172147562365, public void com.fetchr.testcases.TrackingPageTest.checkOrderHistory(java.lang.String,java.lang.reflect.Method) throws java.io.IOException</td>
<td></td>
<td>1</td>
<td>com.fetchr.testcases.TrackingPageTest@28dcca0c</td></tr>
<tr>
<td title='com.fetchr.testcases.TrackingPageTest.checkOrderHistory()'><b>checkOrderHistory</b><br>Test class: com.fetchr.testcases.TrackingPageTest<br>Parameters: 34125613330978, public void com.fetchr.testcases.TrackingPageTest.checkOrderHistory(java.lang.String,java.lang.reflect.Method) throws java.io.IOException</td>
<td></td>
<td>0</td>
<td>com.fetchr.testcases.TrackingPageTest@28dcca0c</td></tr>
<tr>
<td title='com.fetchr.testcases.CoronaSafetyPageTest.checkSafetyFacebookIcon()'><b>checkSafetyFacebookIcon</b><br>Test class: com.fetchr.testcases.CoronaSafetyPageTest<br>Parameters: public void com.fetchr.testcases.CoronaSafetyPageTest.checkSafetyFacebookIcon(java.lang.reflect.Method) throws java.io.IOException,java.lang.InterruptedException</td>
<td></td>
<td>7</td>
<td>com.fetchr.testcases.CoronaSafetyPageTest@45d84a20</td></tr>
<tr>
<td title='com.fetchr.testcases.CoronaSafetyPageTest.checkSafetyTwitterIcon()'><b>checkSafetyTwitterIcon</b><br>Test class: com.fetchr.testcases.CoronaSafetyPageTest<br>Parameters: public void com.fetchr.testcases.CoronaSafetyPageTest.checkSafetyTwitterIcon(java.lang.reflect.Method) throws java.io.IOException,java.lang.InterruptedException</td>
<td></td>
<td>2</td>
<td>com.fetchr.testcases.CoronaSafetyPageTest@45d84a20</td></tr>
<tr>
<td title='com.fetchr.testcases.TrackingPageTest.checkTheStatusOfOrderByTrackingNum()'><b>checkTheStatusOfOrderByTrackingNum</b><br>Test class: com.fetchr.testcases.TrackingPageTest<br>Parameters: 34134180154194, public void com.fetchr.testcases.TrackingPageTest.checkTheStatusOfOrderByTrackingNum(java.lang.String,java.lang.reflect.Method) throws java.io.IOException</td>
<td></td>
<td>0</td>
<td>com.fetchr.testcases.TrackingPageTest@28dcca0c</td></tr>
<tr>
<td title='com.fetchr.testcases.TrackingPageTest.checkTheStatusOfOrderByTrackingNum()'><b>checkTheStatusOfOrderByTrackingNum</b><br>Test class: com.fetchr.testcases.TrackingPageTest<br>Parameters: 34124571209996, public void com.fetchr.testcases.TrackingPageTest.checkTheStatusOfOrderByTrackingNum(java.lang.String,java.lang.reflect.Method) throws java.io.IOException</td>
<td></td>
<td>0</td>
<td>com.fetchr.testcases.TrackingPageTest@28dcca0c</td></tr>
<tr>
<td title='com.fetchr.testcases.TrackingPageTest.clickOnCoronaSafetyMessage()'><b>clickOnCoronaSafetyMessage</b><br>Test class: com.fetchr.testcases.TrackingPageTest<br>Parameters: public void com.fetchr.testcases.TrackingPageTest.clickOnCoronaSafetyMessage(java.lang.reflect.Method) throws java.io.IOException,java.lang.InterruptedException</td>
<td></td>
<td>1</td>
<td>com.fetchr.testcases.TrackingPageTest@28dcca0c</td></tr>
<tr>
<td title='com.fetchr.testcases.TrackingPageTest.clickOnPrivacyPolicy()'><b>clickOnPrivacyPolicy</b><br>Test class: com.fetchr.testcases.TrackingPageTest<br>Parameters: public void com.fetchr.testcases.TrackingPageTest.clickOnPrivacyPolicy(java.lang.reflect.Method) throws java.io.IOException</td>
<td></td>
<td>0</td>
<td>com.fetchr.testcases.TrackingPageTest@28dcca0c</td></tr>
<tr>
<td title='com.fetchr.testcases.TrackingPageTest.clickOnTermsAndConditions()'><b>clickOnTermsAndConditions</b><br>Test class: com.fetchr.testcases.TrackingPageTest<br>Parameters: public void com.fetchr.testcases.TrackingPageTest.clickOnTermsAndConditions(java.lang.reflect.Method) throws java.io.IOException</td>
<td></td>
<td>0</td>
<td>com.fetchr.testcases.TrackingPageTest@28dcca0c</td></tr>
<tr>
<td title='com.fetchr.testcases.TrackingPageTest.enteringInvalidInputInOrderNumbers()'><b>enteringInvalidInputInOrderNumbers</b><br>Test class: com.fetchr.testcases.TrackingPageTest<br>Parameters: !#$%^&*())_)_, public void com.fetchr.testcases.TrackingPageTest.enteringInvalidInputInOrderNumbers(java.lang.String,java.lang.reflect.Method) throws java.io.IOException</td>
<td></td>
<td>0</td>
<td>com.fetchr.testcases.TrackingPageTest@28dcca0c</td></tr>
<tr>
<td title='com.fetchr.testcases.TrackingPageTest.enteringInvalidInputInOrderNumbers()'><b>enteringInvalidInputInOrderNumbers</b><br>Test class: com.fetchr.testcases.TrackingPageTest<br>Parameters: wrrwwwrwrw, public void com.fetchr.testcases.TrackingPageTest.enteringInvalidInputInOrderNumbers(java.lang.String,java.lang.reflect.Method) throws java.io.IOException</td>
<td></td>
<td>0</td>
<td>com.fetchr.testcases.TrackingPageTest@28dcca0c</td></tr>
<tr>
<td title='com.fetchr.testcases.TrackingPageTest.enteringInvalidInputInOrderNumbers()'><b>enteringInvalidInputInOrderNumbers</b><br>Test class: com.fetchr.testcases.TrackingPageTest<br>Parameters: ^^^^(9283883##, public void com.fetchr.testcases.TrackingPageTest.enteringInvalidInputInOrderNumbers(java.lang.String,java.lang.reflect.Method) throws java.io.IOException</td>
<td></td>
<td>0</td>
<td>com.fetchr.testcases.TrackingPageTest@28dcca0c</td></tr>
<tr>
<td title='com.fetchr.testcases.TrackingPageTest.enteringInvalidInputInOrderNumbers()'><b>enteringInvalidInputInOrderNumbers</b><br>Test class: com.fetchr.testcases.TrackingPageTest<br>Parameters: WWWR3333, public void com.fetchr.testcases.TrackingPageTest.enteringInvalidInputInOrderNumbers(java.lang.String,java.lang.reflect.Method) throws java.io.IOException</td>
<td></td>
<td>0</td>
<td>com.fetchr.testcases.TrackingPageTest@28dcca0c</td></tr>
<tr>
<td title='com.fetchr.testcases.TrackingPageTest.enteringInvalidInputInOrderNumbers()'><b>enteringInvalidInputInOrderNumbers</b><br>Test class: com.fetchr.testcases.TrackingPageTest<br>Parameters: 33333##WW, public void com.fetchr.testcases.TrackingPageTest.enteringInvalidInputInOrderNumbers(java.lang.String,java.lang.reflect.Method) throws java.io.IOException</td>
<td></td>
<td>0</td>
<td>com.fetchr.testcases.TrackingPageTest@28dcca0c</td></tr>
<tr>
<td title='com.fetchr.testcases.TrackingPageTest.navigateToDeliveryMapsScreen()'><b>navigateToDeliveryMapsScreen</b><br>Test class: com.fetchr.testcases.TrackingPageTest<br>Parameters: 34152435932333, public void com.fetchr.testcases.TrackingPageTest.navigateToDeliveryMapsScreen(java.lang.String,java.lang.reflect.Method) throws java.io.IOException</td>
<td></td>
<td>0</td>
<td>com.fetchr.testcases.TrackingPageTest@28dcca0c</td></tr>
<tr>
<td title='com.fetchr.testcases.PrivacyPolicyPageTest.privacyLogoCheck()'><b>privacyLogoCheck</b><br>Test class: com.fetchr.testcases.PrivacyPolicyPageTest<br>Parameters: public void com.fetchr.testcases.PrivacyPolicyPageTest.privacyLogoCheck(java.lang.reflect.Method) throws java.io.IOException</td>
<td></td>
<td>0</td>
<td>com.fetchr.testcases.PrivacyPolicyPageTest@52f27fbd</td></tr>
<tr>
<td title='com.fetchr.testcases.PrivacyPolicyPageTest.privacyTitleTest()'><b>privacyTitleTest</b><br>Test class: com.fetchr.testcases.PrivacyPolicyPageTest<br>Parameters: public void com.fetchr.testcases.PrivacyPolicyPageTest.privacyTitleTest(java.lang.reflect.Method) throws java.io.IOException,atu.testrecorder.exceptions.ATUTestRecorderException</td>
<td></td>
<td>0</td>
<td>com.fetchr.testcases.PrivacyPolicyPageTest@52f27fbd</td></tr>
<tr>
<td title='com.fetchr.testcases.PrivacyPolicyPageTest.privacyUrlCheck()'><b>privacyUrlCheck</b><br>Test class: com.fetchr.testcases.PrivacyPolicyPageTest<br>Parameters: public void com.fetchr.testcases.PrivacyPolicyPageTest.privacyUrlCheck(java.lang.reflect.Method) throws java.io.IOException</td>
<td></td>
<td>0</td>
<td>com.fetchr.testcases.PrivacyPolicyPageTest@52f27fbd</td></tr>
<tr>
<td title='com.fetchr.testcases.TrackingPageTest.searchForEmptyOrderTrackingNumbers()'><b>searchForEmptyOrderTrackingNumbers</b><br>Test class: com.fetchr.testcases.TrackingPageTest<br>Parameters: public void com.fetchr.testcases.TrackingPageTest.searchForEmptyOrderTrackingNumbers(java.lang.reflect.Method) throws java.io.IOException</td>
<td></td>
<td>0</td>
<td>com.fetchr.testcases.TrackingPageTest@28dcca0c</td></tr>
<tr>
<td title='com.fetchr.testcases.TrackingPageTest.searchingForInvalidOrderNumbers()'><b>searchingForInvalidOrderNumbers</b><br>Test class: com.fetchr.testcases.TrackingPageTest<br>Parameters: 34151904217970000, public void com.fetchr.testcases.TrackingPageTest.searchingForInvalidOrderNumbers(java.lang.String,java.lang.reflect.Method) throws java.io.IOException</td>
<td></td>
<td>0</td>
<td>com.fetchr.testcases.TrackingPageTest@28dcca0c</td></tr>
<tr>
<td title='com.fetchr.testcases.TrackingPageTest.searchingForInvalidOrderNumbers()'><b>searchingForInvalidOrderNumbers</b><br>Test class: com.fetchr.testcases.TrackingPageTest<br>Parameters: 34124571209955, public void com.fetchr.testcases.TrackingPageTest.searchingForInvalidOrderNumbers(java.lang.String,java.lang.reflect.Method) throws java.io.IOException</td>
<td></td>
<td>0</td>
<td>com.fetchr.testcases.TrackingPageTest@28dcca0c</td></tr>
<tr>
<td title='com.fetchr.testcases.TermsAndConditionsPageTest.termsLogoCheck()'><b>termsLogoCheck</b><br>Test class: com.fetchr.testcases.TermsAndConditionsPageTest<br>Parameters: public void com.fetchr.testcases.TermsAndConditionsPageTest.termsLogoCheck(java.lang.reflect.Method) throws java.io.IOException</td>
<td></td>
<td>0</td>
<td>com.fetchr.testcases.TermsAndConditionsPageTest@25be7b63</td></tr>
<tr>
<td title='com.fetchr.testcases.TermsAndConditionsPageTest.termsTitleTest()'><b>termsTitleTest</b><br>Test class: com.fetchr.testcases.TermsAndConditionsPageTest<br>Parameters: public void com.fetchr.testcases.TermsAndConditionsPageTest.termsTitleTest(java.lang.reflect.Method) throws java.io.IOException,atu.testrecorder.exceptions.ATUTestRecorderException</td>
<td></td>
<td>0</td>
<td>com.fetchr.testcases.TermsAndConditionsPageTest@25be7b63</td></tr>
<tr>
<td title='com.fetchr.testcases.TermsAndConditionsPageTest.termsUrlCheck()'><b>termsUrlCheck</b><br>Test class: com.fetchr.testcases.TermsAndConditionsPageTest<br>Parameters: public void com.fetchr.testcases.TermsAndConditionsPageTest.termsUrlCheck(java.lang.reflect.Method) throws java.io.IOException</td>
<td></td>
<td>0</td>
<td>com.fetchr.testcases.TermsAndConditionsPageTest@25be7b63</td></tr>
<tr>
<td title='com.fetchr.testcases.TrackingPageTest.trackingLogoCheck()'><b>trackingLogoCheck</b><br>Test class: com.fetchr.testcases.TrackingPageTest<br>Parameters: public void com.fetchr.testcases.TrackingPageTest.trackingLogoCheck(java.lang.reflect.Method) throws java.io.IOException</td>
<td></td>
<td>0</td>
<td>com.fetchr.testcases.TrackingPageTest@28dcca0c</td></tr>
<tr>
<td title='com.fetchr.testcases.TrackingPageTest.trackingTitleTest()'><b>trackingTitleTest</b><br>Test class: com.fetchr.testcases.TrackingPageTest<br>Parameters: public void com.fetchr.testcases.TrackingPageTest.trackingTitleTest(java.lang.reflect.Method) throws java.io.IOException,atu.testrecorder.exceptions.ATUTestRecorderException</td>
<td></td>
<td>0</td>
<td>com.fetchr.testcases.TrackingPageTest@28dcca0c</td></tr>
<tr>
<td title='com.fetchr.testcases.TrackingPageTest.trackingUrlCheck()'><b>trackingUrlCheck</b><br>Test class: com.fetchr.testcases.TrackingPageTest<br>Parameters: public void com.fetchr.testcases.TrackingPageTest.trackingUrlCheck(java.lang.reflect.Method) throws java.io.IOException</td>
<td></td>
<td>0</td>
<td>com.fetchr.testcases.TrackingPageTest@28dcca0c</td></tr>
</table><p>
</body>
</html>