<?xml version="1.0" encoding="UTF-8"?>
<!-- Generated by org.testng.reporters.JUnitReportReporter -->
<testsuite hostname="DESKTOP-QAK2P13" failures="1" tests="1" name="com.freecrm.testcases.ContactPageTest" time="0.000" errors="0" timestamp="11 Jul 2021 22:15:03 GMT">
  <testcase classname="com.freecrm.testcases.ContactPageTest" name="addContact" time="0.000">
    <failure message="session not created: This version of ChromeDriver only supports Chrome version 92
Current browser version is 91.0.4472.124 with binary path C:\Program Files (x86)\Google\Chrome\Application\chrome.exe
Build info: version: &#039;3.13.0&#039;, revision: &#039;2f0d292&#039;, time: &#039;2018-06-25T15:24:21.231Z&#039;
System info: host: &#039;DESKTOP-QAK2P13&#039;, ip: &#039;192.168.1.82&#039;, os.name: &#039;Windows 10&#039;, os.arch: &#039;amd64&#039;, os.version: &#039;10.0&#039;, java.version: &#039;13.0.1&#039;
Driver info: driver.version: ChromeDriver
remote stacktrace: Backtrace:
	Ordinal0 [0x00D55843+2512963]
	Ordinal0 [0x00CEEED1+2092753]
	Ordinal0 [0x00BF1F48+1056584]
	Ordinal0 [0x00C101AA+1180074]
	Ordinal0 [0x00C0C0C5+1163461]
	Ordinal0 [0x00C0990F+1153295]
	Ordinal0 [0x00C3994F+1349967]
	Ordinal0 [0x00C395BA+1349050]
	Ordinal0 [0x00C354BB+1332411]
	Ordinal0 [0x00C11D14+1187092]
	Ordinal0 [0x00C12B79+1190777]
	GetHandleVerifier [0x00ED0C56+1501718]
	GetHandleVerifier [0x00F7E97F+2213695]
	GetHandleVerifier [0x00DD8C92+485970]
	GetHandleVerifier [0x00DD7D59+482073]
	Ordinal0 [0x00CF471D+2115357]
	Ordinal0 [0x00CF8678+2131576]
	Ordinal0 [0x00CF87B2+2131890]
	Ordinal0 [0x00D01971+2169201]
	BaseThreadInitThunk [0x760AFA29+25]
	RtlGetAppContainerNamedObjectPath [0x77CE7A7E+286]
	RtlGetAppContainerNamedObjectPath [0x77CE7A4E+238]
" type="org.openqa.selenium.SessionNotCreatedException">
      <![CDATA[org.openqa.selenium.SessionNotCreatedException: session not created: This version of ChromeDriver only supports Chrome version 92
Current browser version is 91.0.4472.124 with binary path C:\Program Files (x86)\Google\Chrome\Application\chrome.exe
Build info: version: '3.13.0', revision: '2f0d292', time: '2018-06-25T15:24:21.231Z'
System info: host: 'DESKTOP-QAK2P13', ip: '192.168.1.82', os.name: 'Windows 10', os.arch: 'amd64', os.version: '10.0', java.version: '13.0.1'
Driver info: driver.version: ChromeDriver
remote stacktrace: Backtrace:
	Ordinal0 [0x00D55843+2512963]
	Ordinal0 [0x00CEEED1+2092753]
	Ordinal0 [0x00BF1F48+1056584]
	Ordinal0 [0x00C101AA+1180074]
	Ordinal0 [0x00C0C0C5+1163461]
	Ordinal0 [0x00C0990F+1153295]
	Ordinal0 [0x00C3994F+1349967]
	Ordinal0 [0x00C395BA+1349050]
	Ordinal0 [0x00C354BB+1332411]
	Ordinal0 [0x00C11D14+1187092]
	Ordinal0 [0x00C12B79+1190777]
	GetHandleVerifier [0x00ED0C56+1501718]
	GetHandleVerifier [0x00F7E97F+2213695]
	GetHandleVerifier [0x00DD8C92+485970]
	GetHandleVerifier [0x00DD7D59+482073]
	Ordinal0 [0x00CF471D+2115357]
	Ordinal0 [0x00CF8678+2131576]
	Ordinal0 [0x00CF87B2+2131890]
	Ordinal0 [0x00D01971+2169201]
	BaseThreadInitThunk [0x760AFA29+25]
	RtlGetAppContainerNamedObjectPath [0x77CE7A7E+286]
	RtlGetAppContainerNamedObjectPath [0x77CE7A4E+238]

	at java.base/jdk.internal.reflect.NativeConstructorAccessorImpl.newInstance0(Native Method)
	at java.base/jdk.internal.reflect.NativeConstructorAccessorImpl.newInstance(NativeConstructorAccessorImpl.java:62)
	at java.base/jdk.internal.reflect.DelegatingConstructorAccessorImpl.newInstance(DelegatingConstructorAccessorImpl.java:45)
	at java.base/java.lang.reflect.Constructor.newInstanceWithCaller(Constructor.java:500)
	at java.base/java.lang.reflect.Constructor.newInstance(Constructor.java:481)
	at org.openqa.selenium.remote.W3CHandshakeResponse.lambda$new$0(W3CHandshakeResponse.java:57)
	at org.openqa.selenium.remote.W3CHandshakeResponse.lambda$getResponseFunction$2(W3CHandshakeResponse.java:104)
	at org.openqa.selenium.remote.ProtocolHandshake.lambda$createSession$0(ProtocolHandshake.java:123)
	at java.base/java.util.stream.ReferencePipeline$3$1.accept(ReferencePipeline.java:195)
	at java.base/java.util.Spliterators$ArraySpliterator.tryAdvance(Spliterators.java:958)
	at java.base/java.util.stream.ReferencePipeline.forEachWithCancel(ReferencePipeline.java:127)
	at java.base/java.util.stream.AbstractPipeline.copyIntoWithCancel(AbstractPipeline.java:502)
	at java.base/java.util.stream.AbstractPipeline.copyInto(AbstractPipeline.java:488)
	at java.base/java.util.stream.AbstractPipeline.wrapAndCopyInto(AbstractPipeline.java:474)
	at java.base/java.util.stream.FindOps$FindOp.evaluateSequential(FindOps.java:150)
	at java.base/java.util.stream.AbstractPipeline.evaluate(AbstractPipeline.java:234)
	at java.base/java.util.stream.ReferencePipeline.findFirst(ReferencePipeline.java:543)
	at org.openqa.selenium.remote.ProtocolHandshake.createSession(ProtocolHandshake.java:126)
	at org.openqa.selenium.remote.ProtocolHandshake.createSession(ProtocolHandshake.java:73)
	at org.openqa.selenium.remote.HttpCommandExecutor.execute(HttpCommandExecutor.java:136)
	at org.openqa.selenium.remote.service.DriverCommandExecutor.execute(DriverCommandExecutor.java:83)
	at org.openqa.selenium.remote.RemoteWebDriver.execute(RemoteWebDriver.java:548)
	at org.openqa.selenium.remote.RemoteWebDriver.startSession(RemoteWebDriver.java:212)
	at org.openqa.selenium.remote.RemoteWebDriver.<init>(RemoteWebDriver.java:130)
	at org.openqa.selenium.chrome.ChromeDriver.<init>(ChromeDriver.java:181)
	at org.openqa.selenium.chrome.ChromeDriver.<init>(ChromeDriver.java:168)
	at org.openqa.selenium.chrome.ChromeDriver.<init>(ChromeDriver.java:123)
	at com.freecrm.Base.TestBase.Initalization(TestBase.java:41)
	at com.freecrm.testcases.ContactPageTest.login(ContactPageTest.java:37)
	at java.base/jdk.internal.reflect.NativeMethodAccessorImpl.invoke0(Native Method)
	at java.base/jdk.internal.reflect.NativeMethodAccessorImpl.invoke(NativeMethodAccessorImpl.java:62)
	at java.base/jdk.internal.reflect.DelegatingMethodAccessorImpl.invoke(DelegatingMethodAccessorImpl.java:43)
	at java.base/java.lang.reflect.Method.invoke(Method.java:567)
	at org.testng.internal.MethodInvocationHelper.invokeMethod(MethodInvocationHelper.java:84)
	at org.testng.internal.Invoker.invokeConfigurationMethod(Invoker.java:564)
	at org.testng.internal.Invoker.invokeConfigurations(Invoker.java:213)
	at org.testng.internal.Invoker.invokeMethod(Invoker.java:653)
	at org.testng.internal.Invoker.invokeTestMethod(Invoker.java:901)
	at org.testng.internal.Invoker.invokeTestMethods(Invoker.java:1231)
	at org.testng.internal.TestMethodWorker.invokeTestMethods(TestMethodWorker.java:127)
	at org.testng.internal.TestMethodWorker.run(TestMethodWorker.java:111)
	at org.testng.TestRunner.privateRun(TestRunner.java:767)
	at org.testng.TestRunner.run(TestRunner.java:617)
	at org.testng.SuiteRunner.runTest(SuiteRunner.java:348)
	at org.testng.SuiteRunner.runSequentially(SuiteRunner.java:343)
	at org.testng.SuiteRunner.privateRun(SuiteRunner.java:305)
	at org.testng.SuiteRunner.run(SuiteRunner.java:254)
	at org.testng.SuiteRunnerWorker.runSuite(SuiteRunnerWorker.java:52)
	at org.testng.SuiteRunnerWorker.run(SuiteRunnerWorker.java:86)
	at org.testng.TestNG.runSuitesSequentially(TestNG.java:1224)
	at org.testng.TestNG.runSuitesLocally(TestNG.java:1149)
	at org.testng.TestNG.run(TestNG.java:1057)
	at org.testng.remote.AbstractRemoteTestNG.run(AbstractRemoteTestNG.java:115)
	at org.testng.remote.RemoteTestNG.initAndRun(RemoteTestNG.java:251)
	at org.testng.remote.RemoteTestNG.main(RemoteTestNG.java:77)
]]>
    </failure>
  </testcase> <!-- addContact -->
</testsuite> <!-- com.freecrm.testcases.ContactPageTest -->
